24-08-21 13:46:00.630 [main] INFO  o.s.b.w.e.tomcat.TomcatWebServer ----- Tomcat initialized with port 8081 (http) 
24-08-21 13:46:00.649 [main] INFO  o.a.coyote.http11.Http11NioProtocol ----- Initializing ProtocolHandler ["http-nio-8081"] 
24-08-21 13:46:00.653 [main] INFO  o.a.catalina.core.StandardService ----- Starting service [Tomcat] 
24-08-21 13:46:00.654 [main] INFO  o.a.catalina.core.StandardEngine ----- Starting Servlet engine: [Apache Tomcat/10.1.25] 
24-08-21 13:46:00.752 [main] INFO  o.a.c.c.C.[Tomcat].[localhost].[/] ----- Initializing Spring embedded WebApplicationContext 
24-08-21 13:46:00.753 [main] INFO  o.s.b.w.s.c.ServletWebServerApplicationContext ----- Root WebApplicationContext: initialization completed in 2598 ms 
24-08-21 13:46:01.184 [main] INFO  org.mongodb.driver.client ----- MongoClient with metadata {"application": {"name": "JournalAppCluster"}, "driver": {"name": "mongo-java-driver|sync|spring-boot", "version": "4.11.2"}, "os": {"type": "Windows", "name": "Windows 11", "architecture": "amd64", "version": "10.0"}, "platform": "Java/Oracle Corporation/17.0.10+11-LTS-240"} created with settings MongoClientSettings{readPreference=primary, writeConcern=WriteConcern{w=majority, wTimeout=null ms, journal=null}, retryWrites=true, retryReads=true, readConcern=ReadConcern{level=null}, credential=MongoCredential{mechanism=null, userName='patillakhan25', source='admin', password=<hidden>, mechanismProperties=<hidden>}, transportSettings=null, streamFactoryFactory=null, commandListeners=[], codecRegistry=ProvidersCodecRegistry{codecProviders=[ValueCodecProvider{}, BsonValueCodecProvider{}, DBRefCodecProvider{}, DBObjectCodecProvider{}, DocumentCodecProvider{}, CollectionCodecProvider{}, IterableCodecProvider{}, MapCodecProvider{}, GeoJsonCodecProvider{}, GridFSFileCodecProvider{}, Jsr310CodecProvider{}, JsonObjectCodecProvider{}, BsonCodecProvider{}, EnumCodecProvider{}, com.mongodb.client.model.mql.ExpressionCodecProvider@6babffb5, com.mongodb.Jep395RecordCodecProvider@2173a742, com.mongodb.KotlinCodecProvider@706ceca6]}, loggerSettings=LoggerSettings{maxDocumentLength=1000}, clusterSettings={hosts=[127.0.0.1:27017], srvHost=journalappcluster.isnzo8y.mongodb.net, srvServiceName=mongodb, mode=MULTIPLE, requiredClusterType=REPLICA_SET, requiredReplicaSetName='atlas-qa0f2y-shard-0', serverSelector='null', clusterListeners='[]', serverSelectionTimeout='30000 ms', localThreshold='15 ms'}, socketSettings=SocketSettings{connectTimeoutMS=10000, readTimeoutMS=0, receiveBufferSize=0, proxySettings=ProxySettings{host=null, port=null, username=null, password=null}}, heartbeatSocketSettings=SocketSettings{connectTimeoutMS=10000, readTimeoutMS=10000, receiveBufferSize=0, proxySettings=ProxySettings{host=null, port=null, username=null, password=null}}, connectionPoolSettings=ConnectionPoolSettings{maxSize=100, minSize=0, maxWaitTimeMS=120000, maxConnectionLifeTimeMS=0, maxConnectionIdleTimeMS=0, maintenanceInitialDelayMS=0, maintenanceFrequencyMS=60000, connectionPoolListeners=[], maxConnecting=2}, serverSettings=ServerSettings{heartbeatFrequencyMS=10000, minHeartbeatFrequencyMS=500, serverListeners='[]', serverMonitorListeners='[]'}, sslSettings=SslSettings{enabled=true, invalidHostNameAllowed=false, context=null}, applicationName='JournalAppCluster', compressorList=[], uuidRepresentation=JAVA_LEGACY, serverApi=null, autoEncryptionSettings=null, dnsClient=null, inetAddressResolver=null, contextProvider=null} 
24-08-21 13:46:01.188 [cluster-ClusterId{value='66c5a24174d5b1352686bc0a', description='JournalAppCluster'}-srv-journalappcluster.isnzo8y.mongodb.net] INFO  org.mongodb.driver.cluster ----- Adding discovered server ac-he86qpa-shard-00-00.isnzo8y.mongodb.net:27017 to client view of cluster 
24-08-21 13:46:01.242 [cluster-ClusterId{value='66c5a24174d5b1352686bc0a', description='JournalAppCluster'}-srv-journalappcluster.isnzo8y.mongodb.net] INFO  org.mongodb.driver.cluster ----- Adding discovered server ac-he86qpa-shard-00-02.isnzo8y.mongodb.net:27017 to client view of cluster 
24-08-21 13:46:01.245 [cluster-ClusterId{value='66c5a24174d5b1352686bc0a', description='JournalAppCluster'}-srv-journalappcluster.isnzo8y.mongodb.net] INFO  org.mongodb.driver.cluster ----- Adding discovered server ac-he86qpa-shard-00-01.isnzo8y.mongodb.net:27017 to client view of cluster 
24-08-21 13:46:01.854 [main] INFO  org.mongodb.driver.cluster ----- No server chosen by WritableServerSelector from cluster description ClusterDescription{type=REPLICA_SET, connectionMode=MULTIPLE, serverDescriptions=[ServerDescription{address=ac-he86qpa-shard-00-01.isnzo8y.mongodb.net:27017, type=UNKNOWN, state=CONNECTING}, ServerDescription{address=ac-he86qpa-shard-00-00.isnzo8y.mongodb.net:27017, type=UNKNOWN, state=CONNECTING}, ServerDescription{address=ac-he86qpa-shard-00-02.isnzo8y.mongodb.net:27017, type=UNKNOWN, state=CONNECTING}]}. Waiting for 30000 ms before timing out 
24-08-21 13:46:02.040 [cluster-ClusterId{value='66c5a24174d5b1352686bc0a', description='JournalAppCluster'}-ac-he86qpa-shard-00-01.isnzo8y.mongodb.net:27017] INFO  org.mongodb.driver.cluster ----- Monitor thread successfully connected to server with description ServerDescription{address=ac-he86qpa-shard-00-01.isnzo8y.mongodb.net:27017, type=REPLICA_SET_PRIMARY, state=CONNECTED, ok=true, minWireVersion=0, maxWireVersion=21, maxDocumentSize=16777216, logicalSessionTimeoutMinutes=30, roundTripTimeNanos=425974600, setName='atlas-qa0f2y-shard-0', canonicalAddress=ac-he86qpa-shard-00-01.isnzo8y.mongodb.net:27017, hosts=[ac-he86qpa-shard-00-01.isnzo8y.mongodb.net:27017, ac-he86qpa-shard-00-02.isnzo8y.mongodb.net:27017, ac-he86qpa-shard-00-00.isnzo8y.mongodb.net:27017], passives=[], arbiters=[], primary='ac-he86qpa-shard-00-01.isnzo8y.mongodb.net:27017', tagSet=TagSet{[Tag{name='availabilityZone', value='aps1-az3'}, Tag{name='diskState', value='READY'}, Tag{name='nodeType', value='ELECTABLE'}, Tag{name='provider', value='AWS'}, Tag{name='region', value='AP_SOUTH_1'}, Tag{name='workloadType', value='OPERATIONAL'}]}, electionId=7fffffff000000000000012c, setVersion=113, topologyVersion=TopologyVersion{processId=66bac6f9beb5883466083cf2, counter=9}, lastWriteDate=Wed Aug 21 13:46:02 IST 2024, lastUpdateTimeNanos=377187519892800} 
24-08-21 13:46:02.040 [cluster-ClusterId{value='66c5a24174d5b1352686bc0a', description='JournalAppCluster'}-ac-he86qpa-shard-00-02.isnzo8y.mongodb.net:27017] INFO  org.mongodb.driver.cluster ----- Monitor thread successfully connected to server with description ServerDescription{address=ac-he86qpa-shard-00-02.isnzo8y.mongodb.net:27017, type=REPLICA_SET_SECONDARY, state=CONNECTED, ok=true, minWireVersion=0, maxWireVersion=21, maxDocumentSize=16777216, logicalSessionTimeoutMinutes=30, roundTripTimeNanos=425934300, setName='atlas-qa0f2y-shard-0', canonicalAddress=ac-he86qpa-shard-00-02.isnzo8y.mongodb.net:27017, hosts=[ac-he86qpa-shard-00-01.isnzo8y.mongodb.net:27017, ac-he86qpa-shard-00-02.isnzo8y.mongodb.net:27017, ac-he86qpa-shard-00-00.isnzo8y.mongodb.net:27017], passives=[], arbiters=[], primary='ac-he86qpa-shard-00-01.isnzo8y.mongodb.net:27017', tagSet=TagSet{[Tag{name='availabilityZone', value='aps1-az2'}, Tag{name='diskState', value='READY'}, Tag{name='nodeType', value='ELECTABLE'}, Tag{name='provider', value='AWS'}, Tag{name='region', value='AP_SOUTH_1'}, Tag{name='workloadType', value='OPERATIONAL'}]}, electionId=null, setVersion=113, topologyVersion=TopologyVersion{processId=66bac94388612918ebad12bd, counter=5}, lastWriteDate=Wed Aug 21 13:46:02 IST 2024, lastUpdateTimeNanos=377187519892800} 
24-08-21 13:46:02.041 [cluster-ClusterId{value='66c5a24174d5b1352686bc0a', description='JournalAppCluster'}-ac-he86qpa-shard-00-00.isnzo8y.mongodb.net:27017] INFO  org.mongodb.driver.cluster ----- Monitor thread successfully connected to server with description ServerDescription{address=ac-he86qpa-shard-00-00.isnzo8y.mongodb.net:27017, type=REPLICA_SET_SECONDARY, state=CONNECTED, ok=true, minWireVersion=0, maxWireVersion=21, maxDocumentSize=16777216, logicalSessionTimeoutMinutes=30, roundTripTimeNanos=425975300, setName='atlas-qa0f2y-shard-0', canonicalAddress=ac-he86qpa-shard-00-00.isnzo8y.mongodb.net:27017, hosts=[ac-he86qpa-shard-00-01.isnzo8y.mongodb.net:27017, ac-he86qpa-shard-00-02.isnzo8y.mongodb.net:27017, ac-he86qpa-shard-00-00.isnzo8y.mongodb.net:27017], passives=[], arbiters=[], primary='ac-he86qpa-shard-00-01.isnzo8y.mongodb.net:27017', tagSet=TagSet{[Tag{name='availabilityZone', value='aps1-az1'}, Tag{name='diskState', value='READY'}, Tag{name='nodeType', value='ELECTABLE'}, Tag{name='provider', value='AWS'}, Tag{name='region', value='AP_SOUTH_1'}, Tag{name='workloadType', value='OPERATIONAL'}]}, electionId=null, setVersion=113, topologyVersion=TopologyVersion{processId=66bac800407bdb41f03d9023, counter=5}, lastWriteDate=Wed Aug 21 13:46:02 IST 2024, lastUpdateTimeNanos=377187519892700} 
24-08-21 13:46:02.046 [cluster-ClusterId{value='66c5a24174d5b1352686bc0a', description='JournalAppCluster'}-ac-he86qpa-shard-00-01.isnzo8y.mongodb.net:27017] INFO  org.mongodb.driver.cluster ----- Discovered replica set primary ac-he86qpa-shard-00-01.isnzo8y.mongodb.net:27017 with max election id 7fffffff000000000000012c and max set version 113 
24-08-21 13:46:03.502 [main] INFO  o.s.s.web.DefaultSecurityFilterChain ----- Will secure any request with [org.springframework.security.web.session.DisableEncodeUrlFilter@31b741e2, org.springframework.security.web.context.request.async.WebAsyncManagerIntegrationFilter@573a078, org.springframework.security.web.context.SecurityContextHolderFilter@135e49b2, org.springframework.security.web.header.HeaderWriterFilter@79b63325, org.springframework.web.filter.CorsFilter@28f05b0c, org.springframework.security.web.authentication.logout.LogoutFilter@5dd6a4c8, org.springframework.security.web.authentication.www.BasicAuthenticationFilter@5a8dcfbb, org.springframework.security.web.savedrequest.RequestCacheAwareFilter@10b87ff6, org.springframework.security.web.servletapi.SecurityContextHolderAwareRequestFilter@41938e1e, org.springframework.security.web.authentication.AnonymousAuthenticationFilter@660296d5, org.springframework.security.web.access.ExceptionTranslationFilter@323e026d, org.springframework.security.web.access.intercept.AuthorizationFilter@674aa626] 
24-08-21 13:46:03.841 [main] INFO  o.a.coyote.http11.Http11NioProtocol ----- Starting ProtocolHandler ["http-nio-8081"] 
24-08-21 13:46:03.868 [main] INFO  o.s.b.w.e.tomcat.TomcatWebServer ----- Tomcat started on port 8081 (http) with context path '' 
24-08-21 13:46:03.879 [main] INFO  c.i.H.journalapp.JournalApplication ----- Started JournalApplication in 6.577 seconds (process running for 7.867) 
24-08-21 13:47:52.085 [main] INFO  o.s.t.c.s.AnnotationConfigContextLoaderUtils ----- Could not detect default configuration classes for test class [co.in.HSBC.journalapp.Services.EmailServiceTests]: EmailServiceTests does not declare any static, non-private, non-final, nested classes annotated with @Configuration. 
24-08-21 13:47:52.393 [main] INFO  o.s.b.t.c.SpringBootTestContextBootstrapper ----- Found @SpringBootConfiguration co.in.HSBC.journalapp.JournalApplication for test class co.in.HSBC.journalapp.Services.EmailServiceTests 
24-08-21 13:47:53.116 [main] INFO  c.i.H.j.Services.EmailServiceTests ----- Starting EmailServiceTests using Java 17.0.10 with PID 17168 (started by patil in C:\Users\patil\IdeaProjects\journalapp) 
24-08-21 13:47:53.119 [main] INFO  c.i.H.j.Services.EmailServiceTests ----- The following 1 profile is active: "develop" 
24-08-21 13:47:54.289 [main] INFO  o.s.d.r.c.RepositoryConfigurationDelegate ----- Bootstrapping Spring Data MongoDB repositories in DEFAULT mode. 
24-08-21 13:47:54.408 [main] INFO  o.s.d.r.c.RepositoryConfigurationDelegate ----- Finished Spring Data repository scanning in 111 ms. Found 3 MongoDB repository interfaces. 
24-08-21 13:47:55.378 [cluster-ClusterId{value='66c5a2b3b371dd6911fb7d95', description='JournalAppCluster'}-srv-journalappcluster.isnzo8y.mongodb.net] INFO  org.mongodb.driver.cluster ----- Adding discovered server ac-he86qpa-shard-00-00.isnzo8y.mongodb.net:27017 to client view of cluster 
24-08-21 13:47:55.413 [main] INFO  org.mongodb.driver.client ----- MongoClient with metadata {"application": {"name": "JournalAppCluster"}, "driver": {"name": "mongo-java-driver|sync|spring-boot", "version": "4.11.2"}, "os": {"type": "Windows", "name": "Windows 11", "architecture": "amd64", "version": "10.0"}, "platform": "Java/Oracle Corporation/17.0.10+11-LTS-240"} created with settings MongoClientSettings{readPreference=primary, writeConcern=WriteConcern{w=majority, wTimeout=null ms, journal=null}, retryWrites=true, retryReads=true, readConcern=ReadConcern{level=null}, credential=MongoCredential{mechanism=null, userName='patillakhan25', source='admin', password=<hidden>, mechanismProperties=<hidden>}, transportSettings=null, streamFactoryFactory=null, commandListeners=[], codecRegistry=ProvidersCodecRegistry{codecProviders=[ValueCodecProvider{}, BsonValueCodecProvider{}, DBRefCodecProvider{}, DBObjectCodecProvider{}, DocumentCodecProvider{}, CollectionCodecProvider{}, IterableCodecProvider{}, MapCodecProvider{}, GeoJsonCodecProvider{}, GridFSFileCodecProvider{}, Jsr310CodecProvider{}, JsonObjectCodecProvider{}, BsonCodecProvider{}, EnumCodecProvider{}, com.mongodb.client.model.mql.ExpressionCodecProvider@45843650, com.mongodb.Jep395RecordCodecProvider@72443081, com.mongodb.KotlinCodecProvider@33feda48]}, loggerSettings=LoggerSettings{maxDocumentLength=1000}, clusterSettings={hosts=[127.0.0.1:27017], srvHost=journalappcluster.isnzo8y.mongodb.net, srvServiceName=mongodb, mode=MULTIPLE, requiredClusterType=REPLICA_SET, requiredReplicaSetName='atlas-qa0f2y-shard-0', serverSelector='null', clusterListeners='[]', serverSelectionTimeout='30000 ms', localThreshold='15 ms'}, socketSettings=SocketSettings{connectTimeoutMS=10000, readTimeoutMS=0, receiveBufferSize=0, proxySettings=ProxySettings{host=null, port=null, username=null, password=null}}, heartbeatSocketSettings=SocketSettings{connectTimeoutMS=10000, readTimeoutMS=10000, receiveBufferSize=0, proxySettings=ProxySettings{host=null, port=null, username=null, password=null}}, connectionPoolSettings=ConnectionPoolSettings{maxSize=100, minSize=0, maxWaitTimeMS=120000, maxConnectionLifeTimeMS=0, maxConnectionIdleTimeMS=0, maintenanceInitialDelayMS=0, maintenanceFrequencyMS=60000, connectionPoolListeners=[], maxConnecting=2}, serverSettings=ServerSettings{heartbeatFrequencyMS=10000, minHeartbeatFrequencyMS=500, serverListeners='[]', serverMonitorListeners='[]'}, sslSettings=SslSettings{enabled=true, invalidHostNameAllowed=false, context=null}, applicationName='JournalAppCluster', compressorList=[], uuidRepresentation=JAVA_LEGACY, serverApi=null, autoEncryptionSettings=null, dnsClient=null, inetAddressResolver=null, contextProvider=null} 
24-08-21 13:47:55.429 [cluster-ClusterId{value='66c5a2b3b371dd6911fb7d95', description='JournalAppCluster'}-srv-journalappcluster.isnzo8y.mongodb.net] INFO  org.mongodb.driver.cluster ----- Adding discovered server ac-he86qpa-shard-00-02.isnzo8y.mongodb.net:27017 to client view of cluster 
24-08-21 13:47:55.433 [cluster-ClusterId{value='66c5a2b3b371dd6911fb7d95', description='JournalAppCluster'}-srv-journalappcluster.isnzo8y.mongodb.net] INFO  org.mongodb.driver.cluster ----- Adding discovered server ac-he86qpa-shard-00-01.isnzo8y.mongodb.net:27017 to client view of cluster 
24-08-21 13:47:56.147 [main] INFO  org.mongodb.driver.cluster ----- No server chosen by WritableServerSelector from cluster description ClusterDescription{type=REPLICA_SET, connectionMode=MULTIPLE, serverDescriptions=[ServerDescription{address=ac-he86qpa-shard-00-01.isnzo8y.mongodb.net:27017, type=UNKNOWN, state=CONNECTING}, ServerDescription{address=ac-he86qpa-shard-00-00.isnzo8y.mongodb.net:27017, type=UNKNOWN, state=CONNECTING}, ServerDescription{address=ac-he86qpa-shard-00-02.isnzo8y.mongodb.net:27017, type=UNKNOWN, state=CONNECTING}]}. Waiting for 30000 ms before timing out 
24-08-21 13:47:56.250 [cluster-ClusterId{value='66c5a2b3b371dd6911fb7d95', description='JournalAppCluster'}-ac-he86qpa-shard-00-00.isnzo8y.mongodb.net:27017] INFO  org.mongodb.driver.cluster ----- Monitor thread successfully connected to server with description ServerDescription{address=ac-he86qpa-shard-00-00.isnzo8y.mongodb.net:27017, type=REPLICA_SET_SECONDARY, state=CONNECTED, ok=true, minWireVersion=0, maxWireVersion=21, maxDocumentSize=16777216, logicalSessionTimeoutMinutes=30, roundTripTimeNanos=387349000, setName='atlas-qa0f2y-shard-0', canonicalAddress=ac-he86qpa-shard-00-00.isnzo8y.mongodb.net:27017, hosts=[ac-he86qpa-shard-00-01.isnzo8y.mongodb.net:27017, ac-he86qpa-shard-00-02.isnzo8y.mongodb.net:27017, ac-he86qpa-shard-00-00.isnzo8y.mongodb.net:27017], passives=[], arbiters=[], primary='ac-he86qpa-shard-00-01.isnzo8y.mongodb.net:27017', tagSet=TagSet{[Tag{name='availabilityZone', value='aps1-az1'}, Tag{name='diskState', value='READY'}, Tag{name='nodeType', value='ELECTABLE'}, Tag{name='provider', value='AWS'}, Tag{name='region', value='AP_SOUTH_1'}, Tag{name='workloadType', value='OPERATIONAL'}]}, electionId=null, setVersion=113, topologyVersion=TopologyVersion{processId=66bac800407bdb41f03d9023, counter=5}, lastWriteDate=Wed Aug 21 13:47:56 IST 2024, lastUpdateTimeNanos=377301731426800} 
24-08-21 13:47:56.250 [cluster-ClusterId{value='66c5a2b3b371dd6911fb7d95', description='JournalAppCluster'}-ac-he86qpa-shard-00-01.isnzo8y.mongodb.net:27017] INFO  org.mongodb.driver.cluster ----- Monitor thread successfully connected to server with description ServerDescription{address=ac-he86qpa-shard-00-01.isnzo8y.mongodb.net:27017, type=REPLICA_SET_PRIMARY, state=CONNECTED, ok=true, minWireVersion=0, maxWireVersion=21, maxDocumentSize=16777216, logicalSessionTimeoutMinutes=30, roundTripTimeNanos=387224800, setName='atlas-qa0f2y-shard-0', canonicalAddress=ac-he86qpa-shard-00-01.isnzo8y.mongodb.net:27017, hosts=[ac-he86qpa-shard-00-01.isnzo8y.mongodb.net:27017, ac-he86qpa-shard-00-02.isnzo8y.mongodb.net:27017, ac-he86qpa-shard-00-00.isnzo8y.mongodb.net:27017], passives=[], arbiters=[], primary='ac-he86qpa-shard-00-01.isnzo8y.mongodb.net:27017', tagSet=TagSet{[Tag{name='availabilityZone', value='aps1-az3'}, Tag{name='diskState', value='READY'}, Tag{name='nodeType', value='ELECTABLE'}, Tag{name='provider', value='AWS'}, Tag{name='region', value='AP_SOUTH_1'}, Tag{name='workloadType', value='OPERATIONAL'}]}, electionId=7fffffff000000000000012c, setVersion=113, topologyVersion=TopologyVersion{processId=66bac6f9beb5883466083cf2, counter=9}, lastWriteDate=Wed Aug 21 13:47:56 IST 2024, lastUpdateTimeNanos=377301731280900} 
24-08-21 13:47:56.251 [cluster-ClusterId{value='66c5a2b3b371dd6911fb7d95', description='JournalAppCluster'}-ac-he86qpa-shard-00-02.isnzo8y.mongodb.net:27017] INFO  org.mongodb.driver.cluster ----- Monitor thread successfully connected to server with description ServerDescription{address=ac-he86qpa-shard-00-02.isnzo8y.mongodb.net:27017, type=REPLICA_SET_SECONDARY, state=CONNECTED, ok=true, minWireVersion=0, maxWireVersion=21, maxDocumentSize=16777216, logicalSessionTimeoutMinutes=30, roundTripTimeNanos=387213900, setName='atlas-qa0f2y-shard-0', canonicalAddress=ac-he86qpa-shard-00-02.isnzo8y.mongodb.net:27017, hosts=[ac-he86qpa-shard-00-01.isnzo8y.mongodb.net:27017, ac-he86qpa-shard-00-02.isnzo8y.mongodb.net:27017, ac-he86qpa-shard-00-00.isnzo8y.mongodb.net:27017], passives=[], arbiters=[], primary='ac-he86qpa-shard-00-01.isnzo8y.mongodb.net:27017', tagSet=TagSet{[Tag{name='availabilityZone', value='aps1-az2'}, Tag{name='diskState', value='READY'}, Tag{name='nodeType', value='ELECTABLE'}, Tag{name='provider', value='AWS'}, Tag{name='region', value='AP_SOUTH_1'}, Tag{name='workloadType', value='OPERATIONAL'}]}, electionId=null, setVersion=113, topologyVersion=TopologyVersion{processId=66bac94388612918ebad12bd, counter=5}, lastWriteDate=Wed Aug 21 13:47:56 IST 2024, lastUpdateTimeNanos=377301731280900} 
24-08-21 13:47:56.258 [cluster-ClusterId{value='66c5a2b3b371dd6911fb7d95', description='JournalAppCluster'}-ac-he86qpa-shard-00-01.isnzo8y.mongodb.net:27017] INFO  org.mongodb.driver.cluster ----- Discovered replica set primary ac-he86qpa-shard-00-01.isnzo8y.mongodb.net:27017 with max election id 7fffffff000000000000012c and max set version 113 
24-08-21 13:47:57.806 [main] INFO  o.s.s.web.DefaultSecurityFilterChain ----- Will secure any request with [org.springframework.security.web.session.DisableEncodeUrlFilter@16a09809, org.springframework.security.web.context.request.async.WebAsyncManagerIntegrationFilter@69a73867, org.springframework.security.web.context.SecurityContextHolderFilter@271e851e, org.springframework.security.web.header.HeaderWriterFilter@550fa96f, org.springframework.web.filter.CorsFilter@749d7c01, org.springframework.security.web.authentication.logout.LogoutFilter@318e3942, org.springframework.security.web.authentication.www.BasicAuthenticationFilter@21abda60, org.springframework.security.web.savedrequest.RequestCacheAwareFilter@61e14b53, org.springframework.security.web.servletapi.SecurityContextHolderAwareRequestFilter@77ba583, org.springframework.security.web.authentication.AnonymousAuthenticationFilter@1d3a03fe, org.springframework.security.web.access.ExceptionTranslationFilter@5e541ef9, org.springframework.security.web.access.intercept.AuthorizationFilter@56b05bd7] 
24-08-21 13:47:58.386 [main] INFO  c.i.H.j.Services.EmailServiceTests ----- Started EmailServiceTests in 5.658 seconds (process running for 7.89) 
24-08-21 13:49:19.152 [main] ERROR c.i.H.j.services.EmailService ----- Error occured while sending mail  
org.springframework.mail.MailAuthenticationException: Authentication failed
	at org.springframework.mail.javamail.JavaMailSenderImpl.doSend(JavaMailSenderImpl.java:402)
	at org.springframework.mail.javamail.JavaMailSenderImpl.send(JavaMailSenderImpl.java:317)
	at org.springframework.mail.MailSender.send(MailSender.java:42)
	at co.in.HSBC.journalapp.services.EmailService.mailSender(EmailService.java:22)
	at co.in.HSBC.journalapp.Services.EmailServiceTests.testMailSender(EmailServiceTests.java:17)
	at java.base/jdk.internal.reflect.NativeMethodAccessorImpl.invoke0(Native Method)
	at java.base/jdk.internal.reflect.NativeMethodAccessorImpl.invoke(NativeMethodAccessorImpl.java:77)
	at java.base/jdk.internal.reflect.DelegatingMethodAccessorImpl.invoke(DelegatingMethodAccessorImpl.java:43)
	at java.base/java.lang.reflect.Method.invoke(Method.java:568)
	at org.junit.platform.commons.util.ReflectionUtils.invokeMethod(ReflectionUtils.java:728)
	at org.junit.jupiter.engine.execution.MethodInvocation.proceed(MethodInvocation.java:60)
	at org.junit.jupiter.engine.execution.InvocationInterceptorChain$ValidatingInvocation.proceed(InvocationInterceptorChain.java:131)
	at org.junit.jupiter.engine.extension.TimeoutExtension.intercept(TimeoutExtension.java:156)
	at org.junit.jupiter.engine.extension.TimeoutExtension.interceptTestableMethod(TimeoutExtension.java:147)
	at org.junit.jupiter.engine.extension.TimeoutExtension.interceptTestMethod(TimeoutExtension.java:86)
	at org.junit.jupiter.engine.execution.InterceptingExecutableInvoker$ReflectiveInterceptorCall.lambda$ofVoidMethod$0(InterceptingExecutableInvoker.java:103)
	at org.junit.jupiter.engine.execution.InterceptingExecutableInvoker.lambda$invoke$0(InterceptingExecutableInvoker.java:93)
	at org.junit.jupiter.engine.execution.InvocationInterceptorChain$InterceptedInvocation.proceed(InvocationInterceptorChain.java:106)
	at org.junit.jupiter.engine.execution.InvocationInterceptorChain.proceed(InvocationInterceptorChain.java:64)
	at org.junit.jupiter.engine.execution.InvocationInterceptorChain.chainAndInvoke(InvocationInterceptorChain.java:45)
	at org.junit.jupiter.engine.execution.InvocationInterceptorChain.invoke(InvocationInterceptorChain.java:37)
	at org.junit.jupiter.engine.execution.InterceptingExecutableInvoker.invoke(InterceptingExecutableInvoker.java:92)
	at org.junit.jupiter.engine.execution.InterceptingExecutableInvoker.invoke(InterceptingExecutableInvoker.java:86)
	at org.junit.jupiter.engine.descriptor.TestMethodTestDescriptor.lambda$invokeTestMethod$7(TestMethodTestDescriptor.java:218)
	at org.junit.platform.engine.support.hierarchical.ThrowableCollector.execute(ThrowableCollector.java:73)
	at org.junit.jupiter.engine.descriptor.TestMethodTestDescriptor.invokeTestMethod(TestMethodTestDescriptor.java:214)
	at org.junit.jupiter.engine.descriptor.TestMethodTestDescriptor.execute(TestMethodTestDescriptor.java:139)
	at org.junit.jupiter.engine.descriptor.TestMethodTestDescriptor.execute(TestMethodTestDescriptor.java:69)
	at org.junit.platform.engine.support.hierarchical.NodeTestTask.lambda$executeRecursively$6(NodeTestTask.java:151)
	at org.junit.platform.engine.support.hierarchical.ThrowableCollector.execute(ThrowableCollector.java:73)
	at org.junit.platform.engine.support.hierarchical.NodeTestTask.lambda$executeRecursively$8(NodeTestTask.java:141)
	at org.junit.platform.engine.support.hierarchical.Node.around(Node.java:137)
	at org.junit.platform.engine.support.hierarchical.NodeTestTask.lambda$executeRecursively$9(NodeTestTask.java:139)
	at org.junit.platform.engine.support.hierarchical.ThrowableCollector.execute(ThrowableCollector.java:73)
	at org.junit.platform.engine.support.hierarchical.NodeTestTask.executeRecursively(NodeTestTask.java:138)
	at org.junit.platform.engine.support.hierarchical.NodeTestTask.execute(NodeTestTask.java:95)
	at java.base/java.util.ArrayList.forEach(ArrayList.java:1511)
	at org.junit.platform.engine.support.hierarchical.SameThreadHierarchicalTestExecutorService.invokeAll(SameThreadHierarchicalTestExecutorService.java:41)
	at org.junit.platform.engine.support.hierarchical.NodeTestTask.lambda$executeRecursively$6(NodeTestTask.java:155)
	at org.junit.platform.engine.support.hierarchical.ThrowableCollector.execute(ThrowableCollector.java:73)
	at org.junit.platform.engine.support.hierarchical.NodeTestTask.lambda$executeRecursively$8(NodeTestTask.java:141)
	at org.junit.platform.engine.support.hierarchical.Node.around(Node.java:137)
	at org.junit.platform.engine.support.hierarchical.NodeTestTask.lambda$executeRecursively$9(NodeTestTask.java:139)
	at org.junit.platform.engine.support.hierarchical.ThrowableCollector.execute(ThrowableCollector.java:73)
	at org.junit.platform.engine.support.hierarchical.NodeTestTask.executeRecursively(NodeTestTask.java:138)
	at org.junit.platform.engine.support.hierarchical.NodeTestTask.execute(NodeTestTask.java:95)
	at java.base/java.util.ArrayList.forEach(ArrayList.java:1511)
	at org.junit.platform.engine.support.hierarchical.SameThreadHierarchicalTestExecutorService.invokeAll(SameThreadHierarchicalTestExecutorService.java:41)
	at org.junit.platform.engine.support.hierarchical.NodeTestTask.lambda$executeRecursively$6(NodeTestTask.java:155)
	at org.junit.platform.engine.support.hierarchical.ThrowableCollector.execute(ThrowableCollector.java:73)
	at org.junit.platform.engine.support.hierarchical.NodeTestTask.lambda$executeRecursively$8(NodeTestTask.java:141)
	at org.junit.platform.engine.support.hierarchical.Node.around(Node.java:137)
	at org.junit.platform.engine.support.hierarchical.NodeTestTask.lambda$executeRecursively$9(NodeTestTask.java:139)
	at org.junit.platform.engine.support.hierarchical.ThrowableCollector.execute(ThrowableCollector.java:73)
	at org.junit.platform.engine.support.hierarchical.NodeTestTask.executeRecursively(NodeTestTask.java:138)
	at org.junit.platform.engine.support.hierarchical.NodeTestTask.execute(NodeTestTask.java:95)
	at org.junit.platform.engine.support.hierarchical.SameThreadHierarchicalTestExecutorService.submit(SameThreadHierarchicalTestExecutorService.java:35)
	at org.junit.platform.engine.support.hierarchical.HierarchicalTestExecutor.execute(HierarchicalTestExecutor.java:57)
	at org.junit.platform.engine.support.hierarchical.HierarchicalTestEngine.execute(HierarchicalTestEngine.java:54)
	at org.junit.platform.launcher.core.EngineExecutionOrchestrator.execute(EngineExecutionOrchestrator.java:198)
	at org.junit.platform.launcher.core.EngineExecutionOrchestrator.execute(EngineExecutionOrchestrator.java:169)
	at org.junit.platform.launcher.core.EngineExecutionOrchestrator.execute(EngineExecutionOrchestrator.java:93)
	at org.junit.platform.launcher.core.EngineExecutionOrchestrator.lambda$execute$0(EngineExecutionOrchestrator.java:58)
	at org.junit.platform.launcher.core.EngineExecutionOrchestrator.withInterceptedStreams(EngineExecutionOrchestrator.java:141)
	at org.junit.platform.launcher.core.EngineExecutionOrchestrator.execute(EngineExecutionOrchestrator.java:57)
	at org.junit.platform.launcher.core.DefaultLauncher.execute(DefaultLauncher.java:103)
	at org.junit.platform.launcher.core.DefaultLauncher.execute(DefaultLauncher.java:85)
	at org.junit.platform.launcher.core.DelegatingLauncher.execute(DelegatingLauncher.java:47)
	at org.junit.platform.launcher.core.SessionPerRequestLauncher.execute(SessionPerRequestLauncher.java:63)
	at com.intellij.junit5.JUnit5IdeaTestRunner.startRunnerWithArgs(JUnit5IdeaTestRunner.java:57)
	at com.intellij.rt.junit.IdeaTestRunner$Repeater$1.execute(IdeaTestRunner.java:38)
	at com.intellij.rt.execution.junit.TestsRepeater.repeat(TestsRepeater.java:11)
	at com.intellij.rt.junit.IdeaTestRunner$Repeater.startRunnerWithArgs(IdeaTestRunner.java:35)
	at com.intellij.rt.junit.JUnitStarter.prepareStreamsAndStart(JUnitStarter.java:232)
	at com.intellij.rt.junit.JUnitStarter.main(JUnitStarter.java:55)
Caused by: jakarta.mail.AuthenticationFailedException: 535-5.7.8 Username and Password not accepted. For more information, go to
535 5.7.8  https://support.google.com/mail/?p=BadCredentials d9443c01a7336-2035040319dsm22077675ad.23 - gsmtp

	at org.eclipse.angus.mail.smtp.SMTPTransport$Authenticator.authenticate(SMTPTransport.java:954)
	at org.eclipse.angus.mail.smtp.SMTPTransport.authenticate(SMTPTransport.java:865)
	at org.eclipse.angus.mail.smtp.SMTPTransport.protocolConnect(SMTPTransport.java:769)
	at jakarta.mail.Service.connect(Service.java:345)
	at org.springframework.mail.javamail.JavaMailSenderImpl.connectTransport(JavaMailSenderImpl.java:480)
	at org.springframework.mail.javamail.JavaMailSenderImpl.doSend(JavaMailSenderImpl.java:399)
	... 74 common frames omitted
24-08-21 13:55:15.910 [main] INFO  o.s.t.c.s.AnnotationConfigContextLoaderUtils ----- Could not detect default configuration classes for test class [co.in.HSBC.journalapp.Services.EmailServiceTests]: EmailServiceTests does not declare any static, non-private, non-final, nested classes annotated with @Configuration. 
24-08-21 13:55:16.173 [main] INFO  o.s.b.t.c.SpringBootTestContextBootstrapper ----- Found @SpringBootConfiguration co.in.HSBC.journalapp.JournalApplication for test class co.in.HSBC.journalapp.Services.EmailServiceTests 
24-08-21 13:55:16.863 [main] INFO  c.i.H.j.Services.EmailServiceTests ----- Starting EmailServiceTests using Java 17.0.10 with PID 12440 (started by patil in C:\Users\patil\IdeaProjects\journalapp) 
24-08-21 13:55:16.867 [main] INFO  c.i.H.j.Services.EmailServiceTests ----- The following 1 profile is active: "develop" 
24-08-21 13:55:18.024 [main] INFO  o.s.d.r.c.RepositoryConfigurationDelegate ----- Bootstrapping Spring Data MongoDB repositories in DEFAULT mode. 
24-08-21 13:55:18.150 [main] INFO  o.s.d.r.c.RepositoryConfigurationDelegate ----- Finished Spring Data repository scanning in 116 ms. Found 3 MongoDB repository interfaces. 
24-08-21 13:55:19.076 [cluster-ClusterId{value='66c5a46f57738161e4f6d803', description='JournalAppCluster'}-srv-journalappcluster.isnzo8y.mongodb.net] INFO  org.mongodb.driver.cluster ----- Adding discovered server ac-he86qpa-shard-00-00.isnzo8y.mongodb.net:27017 to client view of cluster 
24-08-21 13:55:19.091 [main] INFO  org.mongodb.driver.client ----- MongoClient with metadata {"application": {"name": "JournalAppCluster"}, "driver": {"name": "mongo-java-driver|sync|spring-boot", "version": "4.11.2"}, "os": {"type": "Windows", "name": "Windows 11", "architecture": "amd64", "version": "10.0"}, "platform": "Java/Oracle Corporation/17.0.10+11-LTS-240"} created with settings MongoClientSettings{readPreference=primary, writeConcern=WriteConcern{w=majority, wTimeout=null ms, journal=null}, retryWrites=true, retryReads=true, readConcern=ReadConcern{level=null}, credential=MongoCredential{mechanism=null, userName='patillakhan25', source='admin', password=<hidden>, mechanismProperties=<hidden>}, transportSettings=null, streamFactoryFactory=null, commandListeners=[], codecRegistry=ProvidersCodecRegistry{codecProviders=[ValueCodecProvider{}, BsonValueCodecProvider{}, DBRefCodecProvider{}, DBObjectCodecProvider{}, DocumentCodecProvider{}, CollectionCodecProvider{}, IterableCodecProvider{}, MapCodecProvider{}, GeoJsonCodecProvider{}, GridFSFileCodecProvider{}, Jsr310CodecProvider{}, JsonObjectCodecProvider{}, BsonCodecProvider{}, EnumCodecProvider{}, com.mongodb.client.model.mql.ExpressionCodecProvider@33feda48, com.mongodb.Jep395RecordCodecProvider@6588b715, com.mongodb.KotlinCodecProvider@15a3b42]}, loggerSettings=LoggerSettings{maxDocumentLength=1000}, clusterSettings={hosts=[127.0.0.1:27017], srvHost=journalappcluster.isnzo8y.mongodb.net, srvServiceName=mongodb, mode=MULTIPLE, requiredClusterType=REPLICA_SET, requiredReplicaSetName='atlas-qa0f2y-shard-0', serverSelector='null', clusterListeners='[]', serverSelectionTimeout='30000 ms', localThreshold='15 ms'}, socketSettings=SocketSettings{connectTimeoutMS=10000, readTimeoutMS=0, receiveBufferSize=0, proxySettings=ProxySettings{host=null, port=null, username=null, password=null}}, heartbeatSocketSettings=SocketSettings{connectTimeoutMS=10000, readTimeoutMS=10000, receiveBufferSize=0, proxySettings=ProxySettings{host=null, port=null, username=null, password=null}}, connectionPoolSettings=ConnectionPoolSettings{maxSize=100, minSize=0, maxWaitTimeMS=120000, maxConnectionLifeTimeMS=0, maxConnectionIdleTimeMS=0, maintenanceInitialDelayMS=0, maintenanceFrequencyMS=60000, connectionPoolListeners=[], maxConnecting=2}, serverSettings=ServerSettings{heartbeatFrequencyMS=10000, minHeartbeatFrequencyMS=500, serverListeners='[]', serverMonitorListeners='[]'}, sslSettings=SslSettings{enabled=true, invalidHostNameAllowed=false, context=null}, applicationName='JournalAppCluster', compressorList=[], uuidRepresentation=JAVA_LEGACY, serverApi=null, autoEncryptionSettings=null, dnsClient=null, inetAddressResolver=null, contextProvider=null} 
24-08-21 13:55:19.126 [cluster-ClusterId{value='66c5a46f57738161e4f6d803', description='JournalAppCluster'}-srv-journalappcluster.isnzo8y.mongodb.net] INFO  org.mongodb.driver.cluster ----- Adding discovered server ac-he86qpa-shard-00-02.isnzo8y.mongodb.net:27017 to client view of cluster 
24-08-21 13:55:19.130 [cluster-ClusterId{value='66c5a46f57738161e4f6d803', description='JournalAppCluster'}-srv-journalappcluster.isnzo8y.mongodb.net] INFO  org.mongodb.driver.cluster ----- Adding discovered server ac-he86qpa-shard-00-01.isnzo8y.mongodb.net:27017 to client view of cluster 
24-08-21 13:55:19.826 [main] INFO  org.mongodb.driver.cluster ----- No server chosen by WritableServerSelector from cluster description ClusterDescription{type=REPLICA_SET, connectionMode=MULTIPLE, serverDescriptions=[ServerDescription{address=ac-he86qpa-shard-00-01.isnzo8y.mongodb.net:27017, type=UNKNOWN, state=CONNECTING}, ServerDescription{address=ac-he86qpa-shard-00-00.isnzo8y.mongodb.net:27017, type=UNKNOWN, state=CONNECTING}, ServerDescription{address=ac-he86qpa-shard-00-02.isnzo8y.mongodb.net:27017, type=UNKNOWN, state=CONNECTING}]}. Waiting for 30000 ms before timing out 
24-08-21 13:55:19.992 [cluster-ClusterId{value='66c5a46f57738161e4f6d803', description='JournalAppCluster'}-ac-he86qpa-shard-00-00.isnzo8y.mongodb.net:27017] INFO  org.mongodb.driver.cluster ----- Monitor thread successfully connected to server with description ServerDescription{address=ac-he86qpa-shard-00-00.isnzo8y.mongodb.net:27017, type=REPLICA_SET_SECONDARY, state=CONNECTED, ok=true, minWireVersion=0, maxWireVersion=21, maxDocumentSize=16777216, logicalSessionTimeoutMinutes=30, roundTripTimeNanos=372743700, setName='atlas-qa0f2y-shard-0', canonicalAddress=ac-he86qpa-shard-00-00.isnzo8y.mongodb.net:27017, hosts=[ac-he86qpa-shard-00-01.isnzo8y.mongodb.net:27017, ac-he86qpa-shard-00-02.isnzo8y.mongodb.net:27017, ac-he86qpa-shard-00-00.isnzo8y.mongodb.net:27017], passives=[], arbiters=[], primary='ac-he86qpa-shard-00-01.isnzo8y.mongodb.net:27017', tagSet=TagSet{[Tag{name='availabilityZone', value='aps1-az1'}, Tag{name='diskState', value='READY'}, Tag{name='nodeType', value='ELECTABLE'}, Tag{name='provider', value='AWS'}, Tag{name='region', value='AP_SOUTH_1'}, Tag{name='workloadType', value='OPERATIONAL'}]}, electionId=null, setVersion=113, topologyVersion=TopologyVersion{processId=66bac800407bdb41f03d9023, counter=5}, lastWriteDate=Wed Aug 21 13:55:20 IST 2024, lastUpdateTimeNanos=377745473406400} 
24-08-21 13:55:19.992 [cluster-ClusterId{value='66c5a46f57738161e4f6d803', description='JournalAppCluster'}-ac-he86qpa-shard-00-01.isnzo8y.mongodb.net:27017] INFO  org.mongodb.driver.cluster ----- Monitor thread successfully connected to server with description ServerDescription{address=ac-he86qpa-shard-00-01.isnzo8y.mongodb.net:27017, type=REPLICA_SET_PRIMARY, state=CONNECTED, ok=true, minWireVersion=0, maxWireVersion=21, maxDocumentSize=16777216, logicalSessionTimeoutMinutes=30, roundTripTimeNanos=372681700, setName='atlas-qa0f2y-shard-0', canonicalAddress=ac-he86qpa-shard-00-01.isnzo8y.mongodb.net:27017, hosts=[ac-he86qpa-shard-00-01.isnzo8y.mongodb.net:27017, ac-he86qpa-shard-00-02.isnzo8y.mongodb.net:27017, ac-he86qpa-shard-00-00.isnzo8y.mongodb.net:27017], passives=[], arbiters=[], primary='ac-he86qpa-shard-00-01.isnzo8y.mongodb.net:27017', tagSet=TagSet{[Tag{name='availabilityZone', value='aps1-az3'}, Tag{name='diskState', value='READY'}, Tag{name='nodeType', value='ELECTABLE'}, Tag{name='provider', value='AWS'}, Tag{name='region', value='AP_SOUTH_1'}, Tag{name='workloadType', value='OPERATIONAL'}]}, electionId=7fffffff000000000000012c, setVersion=113, topologyVersion=TopologyVersion{processId=66bac6f9beb5883466083cf2, counter=9}, lastWriteDate=Wed Aug 21 13:55:20 IST 2024, lastUpdateTimeNanos=377745473406200} 
24-08-21 13:55:19.993 [cluster-ClusterId{value='66c5a46f57738161e4f6d803', description='JournalAppCluster'}-ac-he86qpa-shard-00-02.isnzo8y.mongodb.net:27017] INFO  org.mongodb.driver.cluster ----- Monitor thread successfully connected to server with description ServerDescription{address=ac-he86qpa-shard-00-02.isnzo8y.mongodb.net:27017, type=REPLICA_SET_SECONDARY, state=CONNECTED, ok=true, minWireVersion=0, maxWireVersion=21, maxDocumentSize=16777216, logicalSessionTimeoutMinutes=30, roundTripTimeNanos=372739700, setName='atlas-qa0f2y-shard-0', canonicalAddress=ac-he86qpa-shard-00-02.isnzo8y.mongodb.net:27017, hosts=[ac-he86qpa-shard-00-01.isnzo8y.mongodb.net:27017, ac-he86qpa-shard-00-02.isnzo8y.mongodb.net:27017, ac-he86qpa-shard-00-00.isnzo8y.mongodb.net:27017], passives=[], arbiters=[], primary='ac-he86qpa-shard-00-01.isnzo8y.mongodb.net:27017', tagSet=TagSet{[Tag{name='availabilityZone', value='aps1-az2'}, Tag{name='diskState', value='READY'}, Tag{name='nodeType', value='ELECTABLE'}, Tag{name='provider', value='AWS'}, Tag{name='region', value='AP_SOUTH_1'}, Tag{name='workloadType', value='OPERATIONAL'}]}, electionId=null, setVersion=113, topologyVersion=TopologyVersion{processId=66bac94388612918ebad12bd, counter=5}, lastWriteDate=Wed Aug 21 13:55:20 IST 2024, lastUpdateTimeNanos=377745473406300} 
24-08-21 13:55:20.001 [cluster-ClusterId{value='66c5a46f57738161e4f6d803', description='JournalAppCluster'}-ac-he86qpa-shard-00-01.isnzo8y.mongodb.net:27017] INFO  org.mongodb.driver.cluster ----- Discovered replica set primary ac-he86qpa-shard-00-01.isnzo8y.mongodb.net:27017 with max election id 7fffffff000000000000012c and max set version 113 
24-08-21 13:55:21.573 [main] INFO  o.s.s.web.DefaultSecurityFilterChain ----- Will secure any request with [org.springframework.security.web.session.DisableEncodeUrlFilter@69a73867, org.springframework.security.web.context.request.async.WebAsyncManagerIntegrationFilter@749d7c01, org.springframework.security.web.context.SecurityContextHolderFilter@ff21443, org.springframework.security.web.header.HeaderWriterFilter@54275b5d, org.springframework.web.filter.CorsFilter@1d3a03fe, org.springframework.security.web.authentication.logout.LogoutFilter@1c4057f9, org.springframework.security.web.authentication.www.BasicAuthenticationFilter@dd20ebc, org.springframework.security.web.savedrequest.RequestCacheAwareFilter@31b6b0c7, org.springframework.security.web.servletapi.SecurityContextHolderAwareRequestFilter@5613247e, org.springframework.security.web.authentication.AnonymousAuthenticationFilter@f48a080, org.springframework.security.web.access.ExceptionTranslationFilter@38054d01, org.springframework.security.web.access.intercept.AuthorizationFilter@3e4afd10] 
24-08-21 13:55:22.113 [main] INFO  c.i.H.j.Services.EmailServiceTests ----- Started EmailServiceTests in 5.639 seconds (process running for 7.944) 
24-08-21 13:56:20.567 [main] INFO  o.s.t.c.s.AnnotationConfigContextLoaderUtils ----- Could not detect default configuration classes for test class [co.in.HSBC.journalapp.Services.EmailServiceTests]: EmailServiceTests does not declare any static, non-private, non-final, nested classes annotated with @Configuration. 
24-08-21 13:56:20.802 [main] INFO  o.s.b.t.c.SpringBootTestContextBootstrapper ----- Found @SpringBootConfiguration co.in.HSBC.journalapp.JournalApplication for test class co.in.HSBC.journalapp.Services.EmailServiceTests 
24-08-21 13:56:21.355 [main] INFO  c.i.H.j.Services.EmailServiceTests ----- Starting EmailServiceTests using Java 17.0.10 with PID 17936 (started by patil in C:\Users\patil\IdeaProjects\journalapp) 
24-08-21 13:56:21.357 [main] INFO  c.i.H.j.Services.EmailServiceTests ----- The following 1 profile is active: "develop" 
24-08-21 13:56:22.425 [main] INFO  o.s.d.r.c.RepositoryConfigurationDelegate ----- Bootstrapping Spring Data MongoDB repositories in DEFAULT mode. 
24-08-21 13:56:22.543 [main] INFO  o.s.d.r.c.RepositoryConfigurationDelegate ----- Finished Spring Data repository scanning in 110 ms. Found 3 MongoDB repository interfaces. 
24-08-21 13:56:23.262 [main] INFO  org.mongodb.driver.client ----- MongoClient with metadata {"application": {"name": "JournalAppCluster"}, "driver": {"name": "mongo-java-driver|sync|spring-boot", "version": "4.11.2"}, "os": {"type": "Windows", "name": "Windows 11", "architecture": "amd64", "version": "10.0"}, "platform": "Java/Oracle Corporation/17.0.10+11-LTS-240"} created with settings MongoClientSettings{readPreference=primary, writeConcern=WriteConcern{w=majority, wTimeout=null ms, journal=null}, retryWrites=true, retryReads=true, readConcern=ReadConcern{level=null}, credential=MongoCredential{mechanism=null, userName='patillakhan25', source='admin', password=<hidden>, mechanismProperties=<hidden>}, transportSettings=null, streamFactoryFactory=null, commandListeners=[], codecRegistry=ProvidersCodecRegistry{codecProviders=[ValueCodecProvider{}, BsonValueCodecProvider{}, DBRefCodecProvider{}, DBObjectCodecProvider{}, DocumentCodecProvider{}, CollectionCodecProvider{}, IterableCodecProvider{}, MapCodecProvider{}, GeoJsonCodecProvider{}, GridFSFileCodecProvider{}, Jsr310CodecProvider{}, JsonObjectCodecProvider{}, BsonCodecProvider{}, EnumCodecProvider{}, com.mongodb.client.model.mql.ExpressionCodecProvider@602f8f94, com.mongodb.Jep395RecordCodecProvider@42507640, com.mongodb.KotlinCodecProvider@4dfe8b37]}, loggerSettings=LoggerSettings{maxDocumentLength=1000}, clusterSettings={hosts=[127.0.0.1:27017], srvHost=journalappcluster.isnzo8y.mongodb.net, srvServiceName=mongodb, mode=MULTIPLE, requiredClusterType=REPLICA_SET, requiredReplicaSetName='atlas-qa0f2y-shard-0', serverSelector='null', clusterListeners='[]', serverSelectionTimeout='30000 ms', localThreshold='15 ms'}, socketSettings=SocketSettings{connectTimeoutMS=10000, readTimeoutMS=0, receiveBufferSize=0, proxySettings=ProxySettings{host=null, port=null, username=null, password=null}}, heartbeatSocketSettings=SocketSettings{connectTimeoutMS=10000, readTimeoutMS=10000, receiveBufferSize=0, proxySettings=ProxySettings{host=null, port=null, username=null, password=null}}, connectionPoolSettings=ConnectionPoolSettings{maxSize=100, minSize=0, maxWaitTimeMS=120000, maxConnectionLifeTimeMS=0, maxConnectionIdleTimeMS=0, maintenanceInitialDelayMS=0, maintenanceFrequencyMS=60000, connectionPoolListeners=[], maxConnecting=2}, serverSettings=ServerSettings{heartbeatFrequencyMS=10000, minHeartbeatFrequencyMS=500, serverListeners='[]', serverMonitorListeners='[]'}, sslSettings=SslSettings{enabled=true, invalidHostNameAllowed=false, context=null}, applicationName='JournalAppCluster', compressorList=[], uuidRepresentation=JAVA_LEGACY, serverApi=null, autoEncryptionSettings=null, dnsClient=null, inetAddressResolver=null, contextProvider=null} 
24-08-21 13:56:23.279 [cluster-ClusterId{value='66c5a4af70801b09e5ef0e81', description='JournalAppCluster'}-srv-journalappcluster.isnzo8y.mongodb.net] INFO  org.mongodb.driver.cluster ----- Adding discovered server ac-he86qpa-shard-00-00.isnzo8y.mongodb.net:27017 to client view of cluster 
24-08-21 13:56:23.324 [cluster-ClusterId{value='66c5a4af70801b09e5ef0e81', description='JournalAppCluster'}-srv-journalappcluster.isnzo8y.mongodb.net] INFO  org.mongodb.driver.cluster ----- Adding discovered server ac-he86qpa-shard-00-02.isnzo8y.mongodb.net:27017 to client view of cluster 
24-08-21 13:56:23.328 [cluster-ClusterId{value='66c5a4af70801b09e5ef0e81', description='JournalAppCluster'}-srv-journalappcluster.isnzo8y.mongodb.net] INFO  org.mongodb.driver.cluster ----- Adding discovered server ac-he86qpa-shard-00-01.isnzo8y.mongodb.net:27017 to client view of cluster 
24-08-21 13:56:23.912 [cluster-ClusterId{value='66c5a4af70801b09e5ef0e81', description='JournalAppCluster'}-ac-he86qpa-shard-00-02.isnzo8y.mongodb.net:27017] INFO  org.mongodb.driver.cluster ----- Monitor thread successfully connected to server with description ServerDescription{address=ac-he86qpa-shard-00-02.isnzo8y.mongodb.net:27017, type=REPLICA_SET_SECONDARY, state=CONNECTED, ok=true, minWireVersion=0, maxWireVersion=21, maxDocumentSize=16777216, logicalSessionTimeoutMinutes=30, roundTripTimeNanos=310772800, setName='atlas-qa0f2y-shard-0', canonicalAddress=ac-he86qpa-shard-00-02.isnzo8y.mongodb.net:27017, hosts=[ac-he86qpa-shard-00-01.isnzo8y.mongodb.net:27017, ac-he86qpa-shard-00-02.isnzo8y.mongodb.net:27017, ac-he86qpa-shard-00-00.isnzo8y.mongodb.net:27017], passives=[], arbiters=[], primary='ac-he86qpa-shard-00-01.isnzo8y.mongodb.net:27017', tagSet=TagSet{[Tag{name='availabilityZone', value='aps1-az2'}, Tag{name='diskState', value='READY'}, Tag{name='nodeType', value='ELECTABLE'}, Tag{name='provider', value='AWS'}, Tag{name='region', value='AP_SOUTH_1'}, Tag{name='workloadType', value='OPERATIONAL'}]}, electionId=null, setVersion=113, topologyVersion=TopologyVersion{processId=66bac94388612918ebad12bd, counter=5}, lastWriteDate=Wed Aug 21 13:56:24 IST 2024, lastUpdateTimeNanos=377809393910600} 
24-08-21 13:56:23.912 [cluster-ClusterId{value='66c5a4af70801b09e5ef0e81', description='JournalAppCluster'}-ac-he86qpa-shard-00-00.isnzo8y.mongodb.net:27017] INFO  org.mongodb.driver.cluster ----- Monitor thread successfully connected to server with description ServerDescription{address=ac-he86qpa-shard-00-00.isnzo8y.mongodb.net:27017, type=REPLICA_SET_SECONDARY, state=CONNECTED, ok=true, minWireVersion=0, maxWireVersion=21, maxDocumentSize=16777216, logicalSessionTimeoutMinutes=30, roundTripTimeNanos=310710700, setName='atlas-qa0f2y-shard-0', canonicalAddress=ac-he86qpa-shard-00-00.isnzo8y.mongodb.net:27017, hosts=[ac-he86qpa-shard-00-01.isnzo8y.mongodb.net:27017, ac-he86qpa-shard-00-02.isnzo8y.mongodb.net:27017, ac-he86qpa-shard-00-00.isnzo8y.mongodb.net:27017], passives=[], arbiters=[], primary='ac-he86qpa-shard-00-01.isnzo8y.mongodb.net:27017', tagSet=TagSet{[Tag{name='availabilityZone', value='aps1-az1'}, Tag{name='diskState', value='READY'}, Tag{name='nodeType', value='ELECTABLE'}, Tag{name='provider', value='AWS'}, Tag{name='region', value='AP_SOUTH_1'}, Tag{name='workloadType', value='OPERATIONAL'}]}, electionId=null, setVersion=113, topologyVersion=TopologyVersion{processId=66bac800407bdb41f03d9023, counter=5}, lastWriteDate=Wed Aug 21 13:56:24 IST 2024, lastUpdateTimeNanos=377809393848900} 
24-08-21 13:56:23.912 [cluster-ClusterId{value='66c5a4af70801b09e5ef0e81', description='JournalAppCluster'}-ac-he86qpa-shard-00-01.isnzo8y.mongodb.net:27017] INFO  org.mongodb.driver.cluster ----- Monitor thread successfully connected to server with description ServerDescription{address=ac-he86qpa-shard-00-01.isnzo8y.mongodb.net:27017, type=REPLICA_SET_PRIMARY, state=CONNECTED, ok=true, minWireVersion=0, maxWireVersion=21, maxDocumentSize=16777216, logicalSessionTimeoutMinutes=30, roundTripTimeNanos=310555200, setName='atlas-qa0f2y-shard-0', canonicalAddress=ac-he86qpa-shard-00-01.isnzo8y.mongodb.net:27017, hosts=[ac-he86qpa-shard-00-01.isnzo8y.mongodb.net:27017, ac-he86qpa-shard-00-02.isnzo8y.mongodb.net:27017, ac-he86qpa-shard-00-00.isnzo8y.mongodb.net:27017], passives=[], arbiters=[], primary='ac-he86qpa-shard-00-01.isnzo8y.mongodb.net:27017', tagSet=TagSet{[Tag{name='availabilityZone', value='aps1-az3'}, Tag{name='diskState', value='READY'}, Tag{name='nodeType', value='ELECTABLE'}, Tag{name='provider', value='AWS'}, Tag{name='region', value='AP_SOUTH_1'}, Tag{name='workloadType', value='OPERATIONAL'}]}, electionId=7fffffff000000000000012c, setVersion=113, topologyVersion=TopologyVersion{processId=66bac6f9beb5883466083cf2, counter=9}, lastWriteDate=Wed Aug 21 13:56:24 IST 2024, lastUpdateTimeNanos=377809393723200} 
24-08-21 13:56:23.919 [cluster-ClusterId{value='66c5a4af70801b09e5ef0e81', description='JournalAppCluster'}-ac-he86qpa-shard-00-01.isnzo8y.mongodb.net:27017] INFO  org.mongodb.driver.cluster ----- Discovered replica set primary ac-he86qpa-shard-00-01.isnzo8y.mongodb.net:27017 with max election id 7fffffff000000000000012c and max set version 113 
24-08-21 13:56:23.920 [main] INFO  org.mongodb.driver.cluster ----- No server chosen by WritableServerSelector from cluster description ClusterDescription{type=REPLICA_SET, connectionMode=MULTIPLE, serverDescriptions=[ServerDescription{address=ac-he86qpa-shard-00-01.isnzo8y.mongodb.net:27017, type=UNKNOWN, state=CONNECTING}, ServerDescription{address=ac-he86qpa-shard-00-00.isnzo8y.mongodb.net:27017, type=UNKNOWN, state=CONNECTING}, ServerDescription{address=ac-he86qpa-shard-00-02.isnzo8y.mongodb.net:27017, type=UNKNOWN, state=CONNECTING}]}. Waiting for 30000 ms before timing out 
24-08-21 13:56:25.296 [main] INFO  o.s.s.web.DefaultSecurityFilterChain ----- Will secure any request with [org.springframework.security.web.session.DisableEncodeUrlFilter@57b1ec84, org.springframework.security.web.context.request.async.WebAsyncManagerIntegrationFilter@3c27f72, org.springframework.security.web.context.SecurityContextHolderFilter@528e5e38, org.springframework.security.web.header.HeaderWriterFilter@305e95a4, org.springframework.web.filter.CorsFilter@5cbe95b1, org.springframework.security.web.authentication.logout.LogoutFilter@57f0bfc3, org.springframework.security.web.authentication.www.BasicAuthenticationFilter@46524ebe, org.springframework.security.web.savedrequest.RequestCacheAwareFilter@621dc63d, org.springframework.security.web.servletapi.SecurityContextHolderAwareRequestFilter@6ba0ee4a, org.springframework.security.web.authentication.AnonymousAuthenticationFilter@28fa541, org.springframework.security.web.access.ExceptionTranslationFilter@369ad7da, org.springframework.security.web.access.intercept.AuthorizationFilter@3c6bd624] 
24-08-21 13:56:25.797 [main] INFO  c.i.H.j.Services.EmailServiceTests ----- Started EmailServiceTests in 4.741 seconds (process running for 6.633) 
24-08-21 13:56:30.011 [main] ERROR c.i.H.j.services.EmailService ----- Error occured while sending mail  
org.springframework.mail.MailAuthenticationException: Authentication failed
	at org.springframework.mail.javamail.JavaMailSenderImpl.doSend(JavaMailSenderImpl.java:402)
	at org.springframework.mail.javamail.JavaMailSenderImpl.send(JavaMailSenderImpl.java:317)
	at org.springframework.mail.MailSender.send(MailSender.java:42)
	at co.in.HSBC.journalapp.services.EmailService.mailSender(EmailService.java:22)
	at co.in.HSBC.journalapp.Services.EmailServiceTests.testMailSender(EmailServiceTests.java:17)
	at java.base/jdk.internal.reflect.NativeMethodAccessorImpl.invoke0(Native Method)
	at java.base/jdk.internal.reflect.NativeMethodAccessorImpl.invoke(NativeMethodAccessorImpl.java:77)
	at java.base/jdk.internal.reflect.DelegatingMethodAccessorImpl.invoke(DelegatingMethodAccessorImpl.java:43)
	at java.base/java.lang.reflect.Method.invoke(Method.java:568)
	at org.junit.platform.commons.util.ReflectionUtils.invokeMethod(ReflectionUtils.java:728)
	at org.junit.jupiter.engine.execution.MethodInvocation.proceed(MethodInvocation.java:60)
	at org.junit.jupiter.engine.execution.InvocationInterceptorChain$ValidatingInvocation.proceed(InvocationInterceptorChain.java:131)
	at org.junit.jupiter.engine.extension.TimeoutExtension.intercept(TimeoutExtension.java:156)
	at org.junit.jupiter.engine.extension.TimeoutExtension.interceptTestableMethod(TimeoutExtension.java:147)
	at org.junit.jupiter.engine.extension.TimeoutExtension.interceptTestMethod(TimeoutExtension.java:86)
	at org.junit.jupiter.engine.execution.InterceptingExecutableInvoker$ReflectiveInterceptorCall.lambda$ofVoidMethod$0(InterceptingExecutableInvoker.java:103)
	at org.junit.jupiter.engine.execution.InterceptingExecutableInvoker.lambda$invoke$0(InterceptingExecutableInvoker.java:93)
	at org.junit.jupiter.engine.execution.InvocationInterceptorChain$InterceptedInvocation.proceed(InvocationInterceptorChain.java:106)
	at org.junit.jupiter.engine.execution.InvocationInterceptorChain.proceed(InvocationInterceptorChain.java:64)
	at org.junit.jupiter.engine.execution.InvocationInterceptorChain.chainAndInvoke(InvocationInterceptorChain.java:45)
	at org.junit.jupiter.engine.execution.InvocationInterceptorChain.invoke(InvocationInterceptorChain.java:37)
	at org.junit.jupiter.engine.execution.InterceptingExecutableInvoker.invoke(InterceptingExecutableInvoker.java:92)
	at org.junit.jupiter.engine.execution.InterceptingExecutableInvoker.invoke(InterceptingExecutableInvoker.java:86)
	at org.junit.jupiter.engine.descriptor.TestMethodTestDescriptor.lambda$invokeTestMethod$7(TestMethodTestDescriptor.java:218)
	at org.junit.platform.engine.support.hierarchical.ThrowableCollector.execute(ThrowableCollector.java:73)
	at org.junit.jupiter.engine.descriptor.TestMethodTestDescriptor.invokeTestMethod(TestMethodTestDescriptor.java:214)
	at org.junit.jupiter.engine.descriptor.TestMethodTestDescriptor.execute(TestMethodTestDescriptor.java:139)
	at org.junit.jupiter.engine.descriptor.TestMethodTestDescriptor.execute(TestMethodTestDescriptor.java:69)
	at org.junit.platform.engine.support.hierarchical.NodeTestTask.lambda$executeRecursively$6(NodeTestTask.java:151)
	at org.junit.platform.engine.support.hierarchical.ThrowableCollector.execute(ThrowableCollector.java:73)
	at org.junit.platform.engine.support.hierarchical.NodeTestTask.lambda$executeRecursively$8(NodeTestTask.java:141)
	at org.junit.platform.engine.support.hierarchical.Node.around(Node.java:137)
	at org.junit.platform.engine.support.hierarchical.NodeTestTask.lambda$executeRecursively$9(NodeTestTask.java:139)
	at org.junit.platform.engine.support.hierarchical.ThrowableCollector.execute(ThrowableCollector.java:73)
	at org.junit.platform.engine.support.hierarchical.NodeTestTask.executeRecursively(NodeTestTask.java:138)
	at org.junit.platform.engine.support.hierarchical.NodeTestTask.execute(NodeTestTask.java:95)
	at java.base/java.util.ArrayList.forEach(ArrayList.java:1511)
	at org.junit.platform.engine.support.hierarchical.SameThreadHierarchicalTestExecutorService.invokeAll(SameThreadHierarchicalTestExecutorService.java:41)
	at org.junit.platform.engine.support.hierarchical.NodeTestTask.lambda$executeRecursively$6(NodeTestTask.java:155)
	at org.junit.platform.engine.support.hierarchical.ThrowableCollector.execute(ThrowableCollector.java:73)
	at org.junit.platform.engine.support.hierarchical.NodeTestTask.lambda$executeRecursively$8(NodeTestTask.java:141)
	at org.junit.platform.engine.support.hierarchical.Node.around(Node.java:137)
	at org.junit.platform.engine.support.hierarchical.NodeTestTask.lambda$executeRecursively$9(NodeTestTask.java:139)
	at org.junit.platform.engine.support.hierarchical.ThrowableCollector.execute(ThrowableCollector.java:73)
	at org.junit.platform.engine.support.hierarchical.NodeTestTask.executeRecursively(NodeTestTask.java:138)
	at org.junit.platform.engine.support.hierarchical.NodeTestTask.execute(NodeTestTask.java:95)
	at java.base/java.util.ArrayList.forEach(ArrayList.java:1511)
	at org.junit.platform.engine.support.hierarchical.SameThreadHierarchicalTestExecutorService.invokeAll(SameThreadHierarchicalTestExecutorService.java:41)
	at org.junit.platform.engine.support.hierarchical.NodeTestTask.lambda$executeRecursively$6(NodeTestTask.java:155)
	at org.junit.platform.engine.support.hierarchical.ThrowableCollector.execute(ThrowableCollector.java:73)
	at org.junit.platform.engine.support.hierarchical.NodeTestTask.lambda$executeRecursively$8(NodeTestTask.java:141)
	at org.junit.platform.engine.support.hierarchical.Node.around(Node.java:137)
	at org.junit.platform.engine.support.hierarchical.NodeTestTask.lambda$executeRecursively$9(NodeTestTask.java:139)
	at org.junit.platform.engine.support.hierarchical.ThrowableCollector.execute(ThrowableCollector.java:73)
	at org.junit.platform.engine.support.hierarchical.NodeTestTask.executeRecursively(NodeTestTask.java:138)
	at org.junit.platform.engine.support.hierarchical.NodeTestTask.execute(NodeTestTask.java:95)
	at org.junit.platform.engine.support.hierarchical.SameThreadHierarchicalTestExecutorService.submit(SameThreadHierarchicalTestExecutorService.java:35)
	at org.junit.platform.engine.support.hierarchical.HierarchicalTestExecutor.execute(HierarchicalTestExecutor.java:57)
	at org.junit.platform.engine.support.hierarchical.HierarchicalTestEngine.execute(HierarchicalTestEngine.java:54)
	at org.junit.platform.launcher.core.EngineExecutionOrchestrator.execute(EngineExecutionOrchestrator.java:198)
	at org.junit.platform.launcher.core.EngineExecutionOrchestrator.execute(EngineExecutionOrchestrator.java:169)
	at org.junit.platform.launcher.core.EngineExecutionOrchestrator.execute(EngineExecutionOrchestrator.java:93)
	at org.junit.platform.launcher.core.EngineExecutionOrchestrator.lambda$execute$0(EngineExecutionOrchestrator.java:58)
	at org.junit.platform.launcher.core.EngineExecutionOrchestrator.withInterceptedStreams(EngineExecutionOrchestrator.java:141)
	at org.junit.platform.launcher.core.EngineExecutionOrchestrator.execute(EngineExecutionOrchestrator.java:57)
	at org.junit.platform.launcher.core.DefaultLauncher.execute(DefaultLauncher.java:103)
	at org.junit.platform.launcher.core.DefaultLauncher.execute(DefaultLauncher.java:85)
	at org.junit.platform.launcher.core.DelegatingLauncher.execute(DelegatingLauncher.java:47)
	at org.junit.platform.launcher.core.SessionPerRequestLauncher.execute(SessionPerRequestLauncher.java:63)
	at com.intellij.junit5.JUnit5IdeaTestRunner.startRunnerWithArgs(JUnit5IdeaTestRunner.java:57)
	at com.intellij.rt.junit.IdeaTestRunner$Repeater$1.execute(IdeaTestRunner.java:38)
	at com.intellij.rt.execution.junit.TestsRepeater.repeat(TestsRepeater.java:11)
	at com.intellij.rt.junit.IdeaTestRunner$Repeater.startRunnerWithArgs(IdeaTestRunner.java:35)
	at com.intellij.rt.junit.JUnitStarter.prepareStreamsAndStart(JUnitStarter.java:232)
	at com.intellij.rt.junit.JUnitStarter.main(JUnitStarter.java:55)
Caused by: jakarta.mail.AuthenticationFailedException: 534-5.7.9 Application-specific password required. For more information, go to
534 5.7.9  https://support.google.com/mail/?p=InvalidSecondFactor d2e1a72fcca58-7127aef60e6sm9413812b3a.133 - gsmtp

	at org.eclipse.angus.mail.smtp.SMTPTransport$Authenticator.authenticate(SMTPTransport.java:954)
	at org.eclipse.angus.mail.smtp.SMTPTransport.authenticate(SMTPTransport.java:865)
	at org.eclipse.angus.mail.smtp.SMTPTransport.protocolConnect(SMTPTransport.java:769)
	at jakarta.mail.Service.connect(Service.java:345)
	at org.springframework.mail.javamail.JavaMailSenderImpl.connectTransport(JavaMailSenderImpl.java:480)
	at org.springframework.mail.javamail.JavaMailSenderImpl.doSend(JavaMailSenderImpl.java:399)
	... 74 common frames omitted
24-08-21 13:58:19.572 [main] INFO  o.s.t.c.s.AnnotationConfigContextLoaderUtils ----- Could not detect default configuration classes for test class [co.in.HSBC.journalapp.Services.EmailServiceTests]: EmailServiceTests does not declare any static, non-private, non-final, nested classes annotated with @Configuration. 
24-08-21 13:58:19.838 [main] INFO  o.s.b.t.c.SpringBootTestContextBootstrapper ----- Found @SpringBootConfiguration co.in.HSBC.journalapp.JournalApplication for test class co.in.HSBC.journalapp.Services.EmailServiceTests 
24-08-21 13:58:20.539 [main] INFO  c.i.H.j.Services.EmailServiceTests ----- Starting EmailServiceTests using Java 17.0.10 with PID 14836 (started by patil in C:\Users\patil\IdeaProjects\journalapp) 
24-08-21 13:58:20.542 [main] INFO  c.i.H.j.Services.EmailServiceTests ----- The following 1 profile is active: "develop" 
24-08-21 13:58:21.666 [main] INFO  o.s.d.r.c.RepositoryConfigurationDelegate ----- Bootstrapping Spring Data MongoDB repositories in DEFAULT mode. 
24-08-21 13:58:21.799 [main] INFO  o.s.d.r.c.RepositoryConfigurationDelegate ----- Finished Spring Data repository scanning in 121 ms. Found 3 MongoDB repository interfaces. 
24-08-21 13:58:22.721 [cluster-ClusterId{value='66c5a5266765272423863957', description='JournalAppCluster'}-srv-journalappcluster.isnzo8y.mongodb.net] INFO  org.mongodb.driver.cluster ----- Adding discovered server ac-he86qpa-shard-00-00.isnzo8y.mongodb.net:27017 to client view of cluster 
24-08-21 13:58:22.779 [main] INFO  org.mongodb.driver.client ----- MongoClient with metadata {"application": {"name": "JournalAppCluster"}, "driver": {"name": "mongo-java-driver|sync|spring-boot", "version": "4.11.2"}, "os": {"type": "Windows", "name": "Windows 11", "architecture": "amd64", "version": "10.0"}, "platform": "Java/Oracle Corporation/17.0.10+11-LTS-240"} created with settings MongoClientSettings{readPreference=primary, writeConcern=WriteConcern{w=majority, wTimeout=null ms, journal=null}, retryWrites=true, retryReads=true, readConcern=ReadConcern{level=null}, credential=MongoCredential{mechanism=null, userName='patillakhan25', source='admin', password=<hidden>, mechanismProperties=<hidden>}, transportSettings=null, streamFactoryFactory=null, commandListeners=[], codecRegistry=ProvidersCodecRegistry{codecProviders=[ValueCodecProvider{}, BsonValueCodecProvider{}, DBRefCodecProvider{}, DBObjectCodecProvider{}, DocumentCodecProvider{}, CollectionCodecProvider{}, IterableCodecProvider{}, MapCodecProvider{}, GeoJsonCodecProvider{}, GridFSFileCodecProvider{}, Jsr310CodecProvider{}, JsonObjectCodecProvider{}, BsonCodecProvider{}, EnumCodecProvider{}, com.mongodb.client.model.mql.ExpressionCodecProvider@7e87ef9e, com.mongodb.Jep395RecordCodecProvider@e3b0369, com.mongodb.KotlinCodecProvider@45843650]}, loggerSettings=LoggerSettings{maxDocumentLength=1000}, clusterSettings={hosts=[127.0.0.1:27017], srvHost=journalappcluster.isnzo8y.mongodb.net, srvServiceName=mongodb, mode=MULTIPLE, requiredClusterType=REPLICA_SET, requiredReplicaSetName='atlas-qa0f2y-shard-0', serverSelector='null', clusterListeners='[]', serverSelectionTimeout='30000 ms', localThreshold='15 ms'}, socketSettings=SocketSettings{connectTimeoutMS=10000, readTimeoutMS=0, receiveBufferSize=0, proxySettings=ProxySettings{host=null, port=null, username=null, password=null}}, heartbeatSocketSettings=SocketSettings{connectTimeoutMS=10000, readTimeoutMS=10000, receiveBufferSize=0, proxySettings=ProxySettings{host=null, port=null, username=null, password=null}}, connectionPoolSettings=ConnectionPoolSettings{maxSize=100, minSize=0, maxWaitTimeMS=120000, maxConnectionLifeTimeMS=0, maxConnectionIdleTimeMS=0, maintenanceInitialDelayMS=0, maintenanceFrequencyMS=60000, connectionPoolListeners=[], maxConnecting=2}, serverSettings=ServerSettings{heartbeatFrequencyMS=10000, minHeartbeatFrequencyMS=500, serverListeners='[]', serverMonitorListeners='[]'}, sslSettings=SslSettings{enabled=true, invalidHostNameAllowed=false, context=null}, applicationName='JournalAppCluster', compressorList=[], uuidRepresentation=JAVA_LEGACY, serverApi=null, autoEncryptionSettings=null, dnsClient=null, inetAddressResolver=null, contextProvider=null} 
24-08-21 13:58:22.794 [cluster-ClusterId{value='66c5a5266765272423863957', description='JournalAppCluster'}-srv-journalappcluster.isnzo8y.mongodb.net] INFO  org.mongodb.driver.cluster ----- Adding discovered server ac-he86qpa-shard-00-02.isnzo8y.mongodb.net:27017 to client view of cluster 
24-08-21 13:58:22.797 [cluster-ClusterId{value='66c5a5266765272423863957', description='JournalAppCluster'}-srv-journalappcluster.isnzo8y.mongodb.net] INFO  org.mongodb.driver.cluster ----- Adding discovered server ac-he86qpa-shard-00-01.isnzo8y.mongodb.net:27017 to client view of cluster 
24-08-21 13:58:23.483 [cluster-ClusterId{value='66c5a5266765272423863957', description='JournalAppCluster'}-ac-he86qpa-shard-00-00.isnzo8y.mongodb.net:27017] INFO  org.mongodb.driver.cluster ----- Monitor thread successfully connected to server with description ServerDescription{address=ac-he86qpa-shard-00-00.isnzo8y.mongodb.net:27017, type=REPLICA_SET_SECONDARY, state=CONNECTED, ok=true, minWireVersion=0, maxWireVersion=21, maxDocumentSize=16777216, logicalSessionTimeoutMinutes=30, roundTripTimeNanos=344942900, setName='atlas-qa0f2y-shard-0', canonicalAddress=ac-he86qpa-shard-00-00.isnzo8y.mongodb.net:27017, hosts=[ac-he86qpa-shard-00-01.isnzo8y.mongodb.net:27017, ac-he86qpa-shard-00-02.isnzo8y.mongodb.net:27017, ac-he86qpa-shard-00-00.isnzo8y.mongodb.net:27017], passives=[], arbiters=[], primary='ac-he86qpa-shard-00-01.isnzo8y.mongodb.net:27017', tagSet=TagSet{[Tag{name='availabilityZone', value='aps1-az1'}, Tag{name='diskState', value='READY'}, Tag{name='nodeType', value='ELECTABLE'}, Tag{name='provider', value='AWS'}, Tag{name='region', value='AP_SOUTH_1'}, Tag{name='workloadType', value='OPERATIONAL'}]}, electionId=null, setVersion=113, topologyVersion=TopologyVersion{processId=66bac800407bdb41f03d9023, counter=5}, lastWriteDate=Wed Aug 21 13:58:23 IST 2024, lastUpdateTimeNanos=377928962393100} 
24-08-21 13:58:23.483 [cluster-ClusterId{value='66c5a5266765272423863957', description='JournalAppCluster'}-ac-he86qpa-shard-00-01.isnzo8y.mongodb.net:27017] INFO  org.mongodb.driver.cluster ----- Monitor thread successfully connected to server with description ServerDescription{address=ac-he86qpa-shard-00-01.isnzo8y.mongodb.net:27017, type=REPLICA_SET_PRIMARY, state=CONNECTED, ok=true, minWireVersion=0, maxWireVersion=21, maxDocumentSize=16777216, logicalSessionTimeoutMinutes=30, roundTripTimeNanos=345164800, setName='atlas-qa0f2y-shard-0', canonicalAddress=ac-he86qpa-shard-00-01.isnzo8y.mongodb.net:27017, hosts=[ac-he86qpa-shard-00-01.isnzo8y.mongodb.net:27017, ac-he86qpa-shard-00-02.isnzo8y.mongodb.net:27017, ac-he86qpa-shard-00-00.isnzo8y.mongodb.net:27017], passives=[], arbiters=[], primary='ac-he86qpa-shard-00-01.isnzo8y.mongodb.net:27017', tagSet=TagSet{[Tag{name='availabilityZone', value='aps1-az3'}, Tag{name='diskState', value='READY'}, Tag{name='nodeType', value='ELECTABLE'}, Tag{name='provider', value='AWS'}, Tag{name='region', value='AP_SOUTH_1'}, Tag{name='workloadType', value='OPERATIONAL'}]}, electionId=7fffffff000000000000012c, setVersion=113, topologyVersion=TopologyVersion{processId=66bac6f9beb5883466083cf2, counter=9}, lastWriteDate=Wed Aug 21 13:58:23 IST 2024, lastUpdateTimeNanos=377928962608800} 
24-08-21 13:58:23.484 [cluster-ClusterId{value='66c5a5266765272423863957', description='JournalAppCluster'}-ac-he86qpa-shard-00-02.isnzo8y.mongodb.net:27017] INFO  org.mongodb.driver.cluster ----- Monitor thread successfully connected to server with description ServerDescription{address=ac-he86qpa-shard-00-02.isnzo8y.mongodb.net:27017, type=REPLICA_SET_SECONDARY, state=CONNECTED, ok=true, minWireVersion=0, maxWireVersion=21, maxDocumentSize=16777216, logicalSessionTimeoutMinutes=30, roundTripTimeNanos=345152300, setName='atlas-qa0f2y-shard-0', canonicalAddress=ac-he86qpa-shard-00-02.isnzo8y.mongodb.net:27017, hosts=[ac-he86qpa-shard-00-01.isnzo8y.mongodb.net:27017, ac-he86qpa-shard-00-02.isnzo8y.mongodb.net:27017, ac-he86qpa-shard-00-00.isnzo8y.mongodb.net:27017], passives=[], arbiters=[], primary='ac-he86qpa-shard-00-01.isnzo8y.mongodb.net:27017', tagSet=TagSet{[Tag{name='availabilityZone', value='aps1-az2'}, Tag{name='diskState', value='READY'}, Tag{name='nodeType', value='ELECTABLE'}, Tag{name='provider', value='AWS'}, Tag{name='region', value='AP_SOUTH_1'}, Tag{name='workloadType', value='OPERATIONAL'}]}, electionId=null, setVersion=113, topologyVersion=TopologyVersion{processId=66bac94388612918ebad12bd, counter=5}, lastWriteDate=Wed Aug 21 13:58:23 IST 2024, lastUpdateTimeNanos=377928962596600} 
24-08-21 13:58:23.491 [cluster-ClusterId{value='66c5a5266765272423863957', description='JournalAppCluster'}-ac-he86qpa-shard-00-01.isnzo8y.mongodb.net:27017] INFO  org.mongodb.driver.cluster ----- Discovered replica set primary ac-he86qpa-shard-00-01.isnzo8y.mongodb.net:27017 with max election id 7fffffff000000000000012c and max set version 113 
24-08-21 13:58:25.062 [main] INFO  o.s.s.web.DefaultSecurityFilterChain ----- Will secure any request with [org.springframework.security.web.session.DisableEncodeUrlFilter@48d44b46, org.springframework.security.web.context.request.async.WebAsyncManagerIntegrationFilter@aa0dbca, org.springframework.security.web.context.SecurityContextHolderFilter@28ce75ec, org.springframework.security.web.header.HeaderWriterFilter@50b4364, org.springframework.web.filter.CorsFilter@794cb26b, org.springframework.security.web.authentication.logout.LogoutFilter@1c2096c6, org.springframework.security.web.authentication.www.BasicAuthenticationFilter@1d8be7b9, org.springframework.security.web.savedrequest.RequestCacheAwareFilter@9dc782d, org.springframework.security.web.servletapi.SecurityContextHolderAwareRequestFilter@ff21443, org.springframework.security.web.authentication.AnonymousAuthenticationFilter@5b7ee56c, org.springframework.security.web.access.ExceptionTranslationFilter@c4cceb, org.springframework.security.web.access.intercept.AuthorizationFilter@2f99d8c] 
24-08-21 13:58:25.635 [main] INFO  c.i.H.j.Services.EmailServiceTests ----- Started EmailServiceTests in 5.494 seconds (process running for 7.773) 
24-08-21 13:59:08.758 [main] INFO  o.s.t.c.s.AnnotationConfigContextLoaderUtils ----- Could not detect default configuration classes for test class [co.in.HSBC.journalapp.Services.EmailServiceTests]: EmailServiceTests does not declare any static, non-private, non-final, nested classes annotated with @Configuration. 
24-08-21 13:59:08.979 [main] INFO  o.s.b.t.c.SpringBootTestContextBootstrapper ----- Found @SpringBootConfiguration co.in.HSBC.journalapp.JournalApplication for test class co.in.HSBC.journalapp.Services.EmailServiceTests 
24-08-21 13:59:09.520 [main] INFO  c.i.H.j.Services.EmailServiceTests ----- Starting EmailServiceTests using Java 17.0.10 with PID 23000 (started by patil in C:\Users\patil\IdeaProjects\journalapp) 
24-08-21 13:59:09.522 [main] INFO  c.i.H.j.Services.EmailServiceTests ----- The following 1 profile is active: "develop" 
24-08-21 13:59:10.515 [main] INFO  o.s.d.r.c.RepositoryConfigurationDelegate ----- Bootstrapping Spring Data MongoDB repositories in DEFAULT mode. 
24-08-21 13:59:10.627 [main] INFO  o.s.d.r.c.RepositoryConfigurationDelegate ----- Finished Spring Data repository scanning in 102 ms. Found 3 MongoDB repository interfaces. 
24-08-21 13:59:11.472 [cluster-ClusterId{value='66c5a557150ad55dccabcd7c', description='JournalAppCluster'}-srv-journalappcluster.isnzo8y.mongodb.net] INFO  org.mongodb.driver.cluster ----- Adding discovered server ac-he86qpa-shard-00-00.isnzo8y.mongodb.net:27017 to client view of cluster 
24-08-21 13:59:11.478 [main] INFO  org.mongodb.driver.client ----- MongoClient with metadata {"application": {"name": "JournalAppCluster"}, "driver": {"name": "mongo-java-driver|sync|spring-boot", "version": "4.11.2"}, "os": {"type": "Windows", "name": "Windows 11", "architecture": "amd64", "version": "10.0"}, "platform": "Java/Oracle Corporation/17.0.10+11-LTS-240"} created with settings MongoClientSettings{readPreference=primary, writeConcern=WriteConcern{w=majority, wTimeout=null ms, journal=null}, retryWrites=true, retryReads=true, readConcern=ReadConcern{level=null}, credential=MongoCredential{mechanism=null, userName='patillakhan25', source='admin', password=<hidden>, mechanismProperties=<hidden>}, transportSettings=null, streamFactoryFactory=null, commandListeners=[], codecRegistry=ProvidersCodecRegistry{codecProviders=[ValueCodecProvider{}, BsonValueCodecProvider{}, DBRefCodecProvider{}, DBObjectCodecProvider{}, DocumentCodecProvider{}, CollectionCodecProvider{}, IterableCodecProvider{}, MapCodecProvider{}, GeoJsonCodecProvider{}, GridFSFileCodecProvider{}, Jsr310CodecProvider{}, JsonObjectCodecProvider{}, BsonCodecProvider{}, EnumCodecProvider{}, com.mongodb.client.model.mql.ExpressionCodecProvider@3bc69ce9, com.mongodb.Jep395RecordCodecProvider@abad89c, com.mongodb.KotlinCodecProvider@602f8f94]}, loggerSettings=LoggerSettings{maxDocumentLength=1000}, clusterSettings={hosts=[127.0.0.1:27017], srvHost=journalappcluster.isnzo8y.mongodb.net, srvServiceName=mongodb, mode=MULTIPLE, requiredClusterType=REPLICA_SET, requiredReplicaSetName='atlas-qa0f2y-shard-0', serverSelector='null', clusterListeners='[]', serverSelectionTimeout='30000 ms', localThreshold='15 ms'}, socketSettings=SocketSettings{connectTimeoutMS=10000, readTimeoutMS=0, receiveBufferSize=0, proxySettings=ProxySettings{host=null, port=null, username=null, password=null}}, heartbeatSocketSettings=SocketSettings{connectTimeoutMS=10000, readTimeoutMS=10000, receiveBufferSize=0, proxySettings=ProxySettings{host=null, port=null, username=null, password=null}}, connectionPoolSettings=ConnectionPoolSettings{maxSize=100, minSize=0, maxWaitTimeMS=120000, maxConnectionLifeTimeMS=0, maxConnectionIdleTimeMS=0, maintenanceInitialDelayMS=0, maintenanceFrequencyMS=60000, connectionPoolListeners=[], maxConnecting=2}, serverSettings=ServerSettings{heartbeatFrequencyMS=10000, minHeartbeatFrequencyMS=500, serverListeners='[]', serverMonitorListeners='[]'}, sslSettings=SslSettings{enabled=true, invalidHostNameAllowed=false, context=null}, applicationName='JournalAppCluster', compressorList=[], uuidRepresentation=JAVA_LEGACY, serverApi=null, autoEncryptionSettings=null, dnsClient=null, inetAddressResolver=null, contextProvider=null} 
24-08-21 13:59:11.522 [cluster-ClusterId{value='66c5a557150ad55dccabcd7c', description='JournalAppCluster'}-srv-journalappcluster.isnzo8y.mongodb.net] INFO  org.mongodb.driver.cluster ----- Adding discovered server ac-he86qpa-shard-00-02.isnzo8y.mongodb.net:27017 to client view of cluster 
24-08-21 13:59:11.526 [cluster-ClusterId{value='66c5a557150ad55dccabcd7c', description='JournalAppCluster'}-srv-journalappcluster.isnzo8y.mongodb.net] INFO  org.mongodb.driver.cluster ----- Adding discovered server ac-he86qpa-shard-00-01.isnzo8y.mongodb.net:27017 to client view of cluster 
24-08-21 13:59:12.086 [cluster-ClusterId{value='66c5a557150ad55dccabcd7c', description='JournalAppCluster'}-ac-he86qpa-shard-00-00.isnzo8y.mongodb.net:27017] INFO  org.mongodb.driver.cluster ----- Monitor thread successfully connected to server with description ServerDescription{address=ac-he86qpa-shard-00-00.isnzo8y.mongodb.net:27017, type=REPLICA_SET_SECONDARY, state=CONNECTED, ok=true, minWireVersion=0, maxWireVersion=21, maxDocumentSize=16777216, logicalSessionTimeoutMinutes=30, roundTripTimeNanos=283622800, setName='atlas-qa0f2y-shard-0', canonicalAddress=ac-he86qpa-shard-00-00.isnzo8y.mongodb.net:27017, hosts=[ac-he86qpa-shard-00-01.isnzo8y.mongodb.net:27017, ac-he86qpa-shard-00-02.isnzo8y.mongodb.net:27017, ac-he86qpa-shard-00-00.isnzo8y.mongodb.net:27017], passives=[], arbiters=[], primary='ac-he86qpa-shard-00-01.isnzo8y.mongodb.net:27017', tagSet=TagSet{[Tag{name='availabilityZone', value='aps1-az1'}, Tag{name='diskState', value='READY'}, Tag{name='nodeType', value='ELECTABLE'}, Tag{name='provider', value='AWS'}, Tag{name='region', value='AP_SOUTH_1'}, Tag{name='workloadType', value='OPERATIONAL'}]}, electionId=null, setVersion=113, topologyVersion=TopologyVersion{processId=66bac800407bdb41f03d9023, counter=5}, lastWriteDate=Wed Aug 21 13:59:12 IST 2024, lastUpdateTimeNanos=377977566023700} 
24-08-21 13:59:12.086 [cluster-ClusterId{value='66c5a557150ad55dccabcd7c', description='JournalAppCluster'}-ac-he86qpa-shard-00-02.isnzo8y.mongodb.net:27017] INFO  org.mongodb.driver.cluster ----- Monitor thread successfully connected to server with description ServerDescription{address=ac-he86qpa-shard-00-02.isnzo8y.mongodb.net:27017, type=REPLICA_SET_SECONDARY, state=CONNECTED, ok=true, minWireVersion=0, maxWireVersion=21, maxDocumentSize=16777216, logicalSessionTimeoutMinutes=30, roundTripTimeNanos=283810600, setName='atlas-qa0f2y-shard-0', canonicalAddress=ac-he86qpa-shard-00-02.isnzo8y.mongodb.net:27017, hosts=[ac-he86qpa-shard-00-01.isnzo8y.mongodb.net:27017, ac-he86qpa-shard-00-02.isnzo8y.mongodb.net:27017, ac-he86qpa-shard-00-00.isnzo8y.mongodb.net:27017], passives=[], arbiters=[], primary='ac-he86qpa-shard-00-01.isnzo8y.mongodb.net:27017', tagSet=TagSet{[Tag{name='availabilityZone', value='aps1-az2'}, Tag{name='diskState', value='READY'}, Tag{name='nodeType', value='ELECTABLE'}, Tag{name='provider', value='AWS'}, Tag{name='region', value='AP_SOUTH_1'}, Tag{name='workloadType', value='OPERATIONAL'}]}, electionId=null, setVersion=113, topologyVersion=TopologyVersion{processId=66bac94388612918ebad12bd, counter=5}, lastWriteDate=Wed Aug 21 13:59:12 IST 2024, lastUpdateTimeNanos=377977566195500} 
24-08-21 13:59:12.086 [cluster-ClusterId{value='66c5a557150ad55dccabcd7c', description='JournalAppCluster'}-ac-he86qpa-shard-00-01.isnzo8y.mongodb.net:27017] INFO  org.mongodb.driver.cluster ----- Monitor thread successfully connected to server with description ServerDescription{address=ac-he86qpa-shard-00-01.isnzo8y.mongodb.net:27017, type=REPLICA_SET_PRIMARY, state=CONNECTED, ok=true, minWireVersion=0, maxWireVersion=21, maxDocumentSize=16777216, logicalSessionTimeoutMinutes=30, roundTripTimeNanos=283845800, setName='atlas-qa0f2y-shard-0', canonicalAddress=ac-he86qpa-shard-00-01.isnzo8y.mongodb.net:27017, hosts=[ac-he86qpa-shard-00-01.isnzo8y.mongodb.net:27017, ac-he86qpa-shard-00-02.isnzo8y.mongodb.net:27017, ac-he86qpa-shard-00-00.isnzo8y.mongodb.net:27017], passives=[], arbiters=[], primary='ac-he86qpa-shard-00-01.isnzo8y.mongodb.net:27017', tagSet=TagSet{[Tag{name='availabilityZone', value='aps1-az3'}, Tag{name='diskState', value='READY'}, Tag{name='nodeType', value='ELECTABLE'}, Tag{name='provider', value='AWS'}, Tag{name='region', value='AP_SOUTH_1'}, Tag{name='workloadType', value='OPERATIONAL'}]}, electionId=7fffffff000000000000012c, setVersion=113, topologyVersion=TopologyVersion{processId=66bac6f9beb5883466083cf2, counter=9}, lastWriteDate=Wed Aug 21 13:59:12 IST 2024, lastUpdateTimeNanos=377977566225500} 
24-08-21 13:59:12.095 [cluster-ClusterId{value='66c5a557150ad55dccabcd7c', description='JournalAppCluster'}-ac-he86qpa-shard-00-01.isnzo8y.mongodb.net:27017] INFO  org.mongodb.driver.cluster ----- Discovered replica set primary ac-he86qpa-shard-00-01.isnzo8y.mongodb.net:27017 with max election id 7fffffff000000000000012c and max set version 113 
24-08-21 13:59:13.475 [main] INFO  o.s.s.web.DefaultSecurityFilterChain ----- Will secure any request with [org.springframework.security.web.session.DisableEncodeUrlFilter@41be8db9, org.springframework.security.web.context.request.async.WebAsyncManagerIntegrationFilter@2c2a7d53, org.springframework.security.web.context.SecurityContextHolderFilter@71e7830a, org.springframework.security.web.header.HeaderWriterFilter@222d9d4f, org.springframework.web.filter.CorsFilter@46524ebe, org.springframework.security.web.authentication.logout.LogoutFilter@503556cb, org.springframework.security.web.authentication.www.BasicAuthenticationFilter@72f3f14c, org.springframework.security.web.savedrequest.RequestCacheAwareFilter@305e95a4, org.springframework.security.web.servletapi.SecurityContextHolderAwareRequestFilter@34cf0e80, org.springframework.security.web.authentication.AnonymousAuthenticationFilter@1de85972, org.springframework.security.web.access.ExceptionTranslationFilter@553ce348, org.springframework.security.web.access.intercept.AuthorizationFilter@2d801d8] 
24-08-21 13:59:13.961 [main] INFO  c.i.H.j.Services.EmailServiceTests ----- Started EmailServiceTests in 4.734 seconds (process running for 6.525) 
24-08-21 14:03:20.236 [main] INFO  o.s.t.c.s.AnnotationConfigContextLoaderUtils ----- Could not detect default configuration classes for test class [co.in.HSBC.journalapp.Services.EmailServiceTests]: EmailServiceTests does not declare any static, non-private, non-final, nested classes annotated with @Configuration. 
24-08-21 14:03:20.478 [main] INFO  o.s.b.t.c.SpringBootTestContextBootstrapper ----- Found @SpringBootConfiguration co.in.HSBC.journalapp.JournalApplication for test class co.in.HSBC.journalapp.Services.EmailServiceTests 
24-08-21 14:03:21.087 [main] INFO  c.i.H.j.Services.EmailServiceTests ----- Starting EmailServiceTests using Java 17.0.10 with PID 22748 (started by patil in C:\Users\patil\IdeaProjects\journalapp) 
24-08-21 14:03:21.089 [main] INFO  c.i.H.j.Services.EmailServiceTests ----- The following 1 profile is active: "develop" 
24-08-21 14:03:22.182 [main] INFO  o.s.d.r.c.RepositoryConfigurationDelegate ----- Bootstrapping Spring Data MongoDB repositories in DEFAULT mode. 
24-08-21 14:03:22.302 [main] INFO  o.s.d.r.c.RepositoryConfigurationDelegate ----- Finished Spring Data repository scanning in 110 ms. Found 3 MongoDB repository interfaces. 
24-08-21 14:03:23.108 [cluster-ClusterId{value='66c5a653d38bd0669f3c7eca', description='JournalAppCluster'}-srv-journalappcluster.isnzo8y.mongodb.net] INFO  org.mongodb.driver.cluster ----- Adding discovered server ac-he86qpa-shard-00-00.isnzo8y.mongodb.net:27017 to client view of cluster 
24-08-21 14:03:23.121 [main] INFO  org.mongodb.driver.client ----- MongoClient with metadata {"application": {"name": "JournalAppCluster"}, "driver": {"name": "mongo-java-driver|sync|spring-boot", "version": "4.11.2"}, "os": {"type": "Windows", "name": "Windows 11", "architecture": "amd64", "version": "10.0"}, "platform": "Java/Oracle Corporation/17.0.10+11-LTS-240"} created with settings MongoClientSettings{readPreference=primary, writeConcern=WriteConcern{w=majority, wTimeout=null ms, journal=null}, retryWrites=true, retryReads=true, readConcern=ReadConcern{level=null}, credential=MongoCredential{mechanism=null, userName='patillakhan25', source='admin', password=<hidden>, mechanismProperties=<hidden>}, transportSettings=null, streamFactoryFactory=null, commandListeners=[], codecRegistry=ProvidersCodecRegistry{codecProviders=[ValueCodecProvider{}, BsonValueCodecProvider{}, DBRefCodecProvider{}, DBObjectCodecProvider{}, DocumentCodecProvider{}, CollectionCodecProvider{}, IterableCodecProvider{}, MapCodecProvider{}, GeoJsonCodecProvider{}, GridFSFileCodecProvider{}, Jsr310CodecProvider{}, JsonObjectCodecProvider{}, BsonCodecProvider{}, EnumCodecProvider{}, com.mongodb.client.model.mql.ExpressionCodecProvider@715a70e9, com.mongodb.Jep395RecordCodecProvider@3bc69ce9, com.mongodb.KotlinCodecProvider@abad89c]}, loggerSettings=LoggerSettings{maxDocumentLength=1000}, clusterSettings={hosts=[127.0.0.1:27017], srvHost=journalappcluster.isnzo8y.mongodb.net, srvServiceName=mongodb, mode=MULTIPLE, requiredClusterType=REPLICA_SET, requiredReplicaSetName='atlas-qa0f2y-shard-0', serverSelector='null', clusterListeners='[]', serverSelectionTimeout='30000 ms', localThreshold='15 ms'}, socketSettings=SocketSettings{connectTimeoutMS=10000, readTimeoutMS=0, receiveBufferSize=0, proxySettings=ProxySettings{host=null, port=null, username=null, password=null}}, heartbeatSocketSettings=SocketSettings{connectTimeoutMS=10000, readTimeoutMS=10000, receiveBufferSize=0, proxySettings=ProxySettings{host=null, port=null, username=null, password=null}}, connectionPoolSettings=ConnectionPoolSettings{maxSize=100, minSize=0, maxWaitTimeMS=120000, maxConnectionLifeTimeMS=0, maxConnectionIdleTimeMS=0, maintenanceInitialDelayMS=0, maintenanceFrequencyMS=60000, connectionPoolListeners=[], maxConnecting=2}, serverSettings=ServerSettings{heartbeatFrequencyMS=10000, minHeartbeatFrequencyMS=500, serverListeners='[]', serverMonitorListeners='[]'}, sslSettings=SslSettings{enabled=true, invalidHostNameAllowed=false, context=null}, applicationName='JournalAppCluster', compressorList=[], uuidRepresentation=JAVA_LEGACY, serverApi=null, autoEncryptionSettings=null, dnsClient=null, inetAddressResolver=null, contextProvider=null} 
24-08-21 14:03:23.152 [cluster-ClusterId{value='66c5a653d38bd0669f3c7eca', description='JournalAppCluster'}-srv-journalappcluster.isnzo8y.mongodb.net] INFO  org.mongodb.driver.cluster ----- Adding discovered server ac-he86qpa-shard-00-02.isnzo8y.mongodb.net:27017 to client view of cluster 
24-08-21 14:03:23.155 [cluster-ClusterId{value='66c5a653d38bd0669f3c7eca', description='JournalAppCluster'}-srv-journalappcluster.isnzo8y.mongodb.net] INFO  org.mongodb.driver.cluster ----- Adding discovered server ac-he86qpa-shard-00-01.isnzo8y.mongodb.net:27017 to client view of cluster 
24-08-21 14:03:23.748 [cluster-ClusterId{value='66c5a653d38bd0669f3c7eca', description='JournalAppCluster'}-ac-he86qpa-shard-00-01.isnzo8y.mongodb.net:27017] INFO  org.mongodb.driver.cluster ----- Monitor thread successfully connected to server with description ServerDescription{address=ac-he86qpa-shard-00-01.isnzo8y.mongodb.net:27017, type=REPLICA_SET_PRIMARY, state=CONNECTED, ok=true, minWireVersion=0, maxWireVersion=21, maxDocumentSize=16777216, logicalSessionTimeoutMinutes=30, roundTripTimeNanos=296755900, setName='atlas-qa0f2y-shard-0', canonicalAddress=ac-he86qpa-shard-00-01.isnzo8y.mongodb.net:27017, hosts=[ac-he86qpa-shard-00-01.isnzo8y.mongodb.net:27017, ac-he86qpa-shard-00-02.isnzo8y.mongodb.net:27017, ac-he86qpa-shard-00-00.isnzo8y.mongodb.net:27017], passives=[], arbiters=[], primary='ac-he86qpa-shard-00-01.isnzo8y.mongodb.net:27017', tagSet=TagSet{[Tag{name='availabilityZone', value='aps1-az3'}, Tag{name='diskState', value='READY'}, Tag{name='nodeType', value='ELECTABLE'}, Tag{name='provider', value='AWS'}, Tag{name='region', value='AP_SOUTH_1'}, Tag{name='workloadType', value='OPERATIONAL'}]}, electionId=7fffffff000000000000012c, setVersion=113, topologyVersion=TopologyVersion{processId=66bac6f9beb5883466083cf2, counter=9}, lastWriteDate=Wed Aug 21 14:03:24 IST 2024, lastUpdateTimeNanos=378229227339900} 
24-08-21 14:03:23.749 [cluster-ClusterId{value='66c5a653d38bd0669f3c7eca', description='JournalAppCluster'}-ac-he86qpa-shard-00-00.isnzo8y.mongodb.net:27017] INFO  org.mongodb.driver.cluster ----- Monitor thread successfully connected to server with description ServerDescription{address=ac-he86qpa-shard-00-00.isnzo8y.mongodb.net:27017, type=REPLICA_SET_SECONDARY, state=CONNECTED, ok=true, minWireVersion=0, maxWireVersion=21, maxDocumentSize=16777216, logicalSessionTimeoutMinutes=30, roundTripTimeNanos=296969600, setName='atlas-qa0f2y-shard-0', canonicalAddress=ac-he86qpa-shard-00-00.isnzo8y.mongodb.net:27017, hosts=[ac-he86qpa-shard-00-01.isnzo8y.mongodb.net:27017, ac-he86qpa-shard-00-02.isnzo8y.mongodb.net:27017, ac-he86qpa-shard-00-00.isnzo8y.mongodb.net:27017], passives=[], arbiters=[], primary='ac-he86qpa-shard-00-01.isnzo8y.mongodb.net:27017', tagSet=TagSet{[Tag{name='availabilityZone', value='aps1-az1'}, Tag{name='diskState', value='READY'}, Tag{name='nodeType', value='ELECTABLE'}, Tag{name='provider', value='AWS'}, Tag{name='region', value='AP_SOUTH_1'}, Tag{name='workloadType', value='OPERATIONAL'}]}, electionId=null, setVersion=113, topologyVersion=TopologyVersion{processId=66bac800407bdb41f03d9023, counter=5}, lastWriteDate=Wed Aug 21 14:03:24 IST 2024, lastUpdateTimeNanos=378229227421200} 
24-08-21 14:03:23.748 [cluster-ClusterId{value='66c5a653d38bd0669f3c7eca', description='JournalAppCluster'}-ac-he86qpa-shard-00-02.isnzo8y.mongodb.net:27017] INFO  org.mongodb.driver.cluster ----- Monitor thread successfully connected to server with description ServerDescription{address=ac-he86qpa-shard-00-02.isnzo8y.mongodb.net:27017, type=REPLICA_SET_SECONDARY, state=CONNECTED, ok=true, minWireVersion=0, maxWireVersion=21, maxDocumentSize=16777216, logicalSessionTimeoutMinutes=30, roundTripTimeNanos=297208000, setName='atlas-qa0f2y-shard-0', canonicalAddress=ac-he86qpa-shard-00-02.isnzo8y.mongodb.net:27017, hosts=[ac-he86qpa-shard-00-01.isnzo8y.mongodb.net:27017, ac-he86qpa-shard-00-02.isnzo8y.mongodb.net:27017, ac-he86qpa-shard-00-00.isnzo8y.mongodb.net:27017], passives=[], arbiters=[], primary='ac-he86qpa-shard-00-01.isnzo8y.mongodb.net:27017', tagSet=TagSet{[Tag{name='availabilityZone', value='aps1-az2'}, Tag{name='diskState', value='READY'}, Tag{name='nodeType', value='ELECTABLE'}, Tag{name='provider', value='AWS'}, Tag{name='region', value='AP_SOUTH_1'}, Tag{name='workloadType', value='OPERATIONAL'}]}, electionId=null, setVersion=113, topologyVersion=TopologyVersion{processId=66bac94388612918ebad12bd, counter=5}, lastWriteDate=Wed Aug 21 14:03:24 IST 2024, lastUpdateTimeNanos=378229227775300} 
24-08-21 14:03:23.756 [cluster-ClusterId{value='66c5a653d38bd0669f3c7eca', description='JournalAppCluster'}-ac-he86qpa-shard-00-01.isnzo8y.mongodb.net:27017] INFO  org.mongodb.driver.cluster ----- Discovered replica set primary ac-he86qpa-shard-00-01.isnzo8y.mongodb.net:27017 with max election id 7fffffff000000000000012c and max set version 113 
24-08-21 14:03:25.202 [main] INFO  o.s.s.web.DefaultSecurityFilterChain ----- Will secure any request with [org.springframework.security.web.session.DisableEncodeUrlFilter@4a122e68, org.springframework.security.web.context.request.async.WebAsyncManagerIntegrationFilter@41be8db9, org.springframework.security.web.context.SecurityContextHolderFilter@a4df251, org.springframework.security.web.header.HeaderWriterFilter@3e98b933, org.springframework.web.filter.CorsFilter@2c2a7d53, org.springframework.security.web.authentication.logout.LogoutFilter@15e5246, org.springframework.security.web.authentication.www.BasicAuthenticationFilter@70cf7d1e, org.springframework.security.web.savedrequest.RequestCacheAwareFilter@3feebf9c, org.springframework.security.web.servletapi.SecurityContextHolderAwareRequestFilter@6abb7b7d, org.springframework.security.web.authentication.AnonymousAuthenticationFilter@46524ebe, org.springframework.security.web.access.ExceptionTranslationFilter@59127611, org.springframework.security.web.access.intercept.AuthorizationFilter@542ff147] 
24-08-21 14:03:25.679 [main] INFO  c.i.H.j.Services.EmailServiceTests ----- Started EmailServiceTests in 4.9 seconds (process running for 6.795) 
24-08-21 14:03:31.600 [main] ERROR c.i.H.j.services.EmailService ----- mail sent to :  
